2024-03-30 21:37:46,398 [INFO] Activator:176 - 


2024-03-30 21:37:46,403 [INFO] Activator:177 - !SESSION log4j initialized
2024-03-30 21:37:50,822 [INFO] LogOutputStream:77 - [STDOUT_REDIRECT] 
2024-03-30 21:38:00,809 [INFO] ApplicationProperties:184 - Using Application install path: C:\ST\STM32CubeIDE_1.15.0\STM32CubeIDE\plugins\com.st.stm32cube.common.mx_6.11.0.202403141607
2024-03-30 21:38:00,857 [INFO] DbMcusXml:78 - Set database path to: C:\ST\STM32CubeIDE_1.15.0\STM32CubeIDE\plugins\com.st.stm32cube.common.mx_6.11.0.202403141607\\db\/mcu/
2024-03-30 21:38:00,858 [INFO] ApiDb:274 - Set plugin database path to: C:\ST\STM32CubeIDE_1.15.0\STM32CubeIDE\plugins\com.st.stm32cube.common.mx_6.11.0.202403141607\\db\/plugins/boardmanager/
2024-03-30 21:38:00,860 [WARN] ApiDb:259 - Overriding images path with different value:  => C:\ST\STM32CubeIDE_1.15.0\STM32CubeIDE\plugins\com.st.stm32cube.common.mx_6.11.0.202403141607\\db\/plugins/mcufinder/images/
2024-03-30 21:38:00,872 [INFO] ApiDb:250 - Set database path to: C:\Users\HP\.stmcufinder\plugins\mcufinder//mcu/
2024-03-30 21:38:00,875 [INFO] DbMcusAds:125 - Set database path to: C:\Users\HP\.stmcufinder\plugins\mcufinder//mcu/
2024-03-30 21:38:00,879 [INFO] CrossReferenceDbSqlite:203 - Set database path to: C:\Users\HP\.stmcufinder\plugins\mcufinder//mcu/cs/
2024-03-30 21:38:01,163 [INFO] RulesReader:64 - Compatibility file has been processed (297 Rules)
2024-03-30 21:38:01,367 [INFO] DbMcusXml:78 - Set database path to: C:\ST\STM32CubeIDE_1.15.0\STM32CubeIDE\plugins\com.st.stm32cube.common.mx_6.11.0.202403141607\\db\/mcu/
2024-03-30 21:38:01,368 [INFO] ApiDb:274 - Set plugin database path to: C:\ST\STM32CubeIDE_1.15.0\STM32CubeIDE\plugins\com.st.stm32cube.common.mx_6.11.0.202403141607\\db\/plugins/boardmanager/
2024-03-30 21:38:01,368 [INFO] ApiDb:261 - Set plugin images path to: C:\ST\STM32CubeIDE_1.15.0\STM32CubeIDE\plugins\com.st.stm32cube.common.mx_6.11.0.202403141607\\db\/plugins/mcufinder/images/
2024-03-30 21:38:01,369 [WARN] DbFile:41 - Overriding database path with different value: C:\Users\HP\.stmcufinder\plugins\mcufinder/ => C:\Users\HP\.stmcufinder\plugins\mcufinder
2024-03-30 21:38:01,370 [INFO] ApiDb:250 - Set database path to: C:\Users\HP\.stmcufinder\plugins\mcufinder//mcu/
2024-03-30 21:38:01,370 [WARN] DbFile:41 - Overriding database path with different value: C:\Users\HP\.stmcufinder\plugins\mcufinder/ => C:\Users\HP\.stmcufinder\plugins\mcufinder
2024-03-30 21:38:01,371 [INFO] DbMcusAds:125 - Set database path to: C:\Users\HP\.stmcufinder\plugins\mcufinder//mcu/
2024-03-30 21:38:01,371 [WARN] DbFile:41 - Overriding database path with different value: C:\Users\HP\.stmcufinder\plugins\mcufinder/ => C:\Users\HP\.stmcufinder\plugins\mcufinder
2024-03-30 21:38:01,372 [WARN] DbFile:41 - Overriding database path with different value: C:\Users\HP\.stmcufinder\plugins\mcufinder/ => C:\Users\HP\.stmcufinder\plugins\mcufinder
2024-03-30 21:38:01,373 [INFO] CrossReferenceDbSqlite:203 - Set database path to: C:\Users\HP\.stmcufinder\plugins\mcufinder//mcu/cs/
2024-03-30 21:38:01,657 [INFO] MainPanel:264 - HeapMemory: 268435456
2024-03-30 21:38:01,847 [INFO] DbMcusXml:78 - Set database path to: C:\ST\STM32CubeIDE_1.15.0\STM32CubeIDE\plugins\com.st.stm32cube.common.mx_6.11.0.202403141607\\db\/mcu/
2024-03-30 21:38:01,847 [INFO] ApiDb:274 - Set plugin database path to: C:\ST\STM32CubeIDE_1.15.0\STM32CubeIDE\plugins\com.st.stm32cube.common.mx_6.11.0.202403141607\\db\/plugins/boardmanager/
2024-03-30 21:38:01,847 [INFO] ApiDb:261 - Set plugin images path to: C:\ST\STM32CubeIDE_1.15.0\STM32CubeIDE\plugins\com.st.stm32cube.common.mx_6.11.0.202403141607\\db\/plugins/mcufinder/images/
2024-03-30 21:38:01,848 [WARN] DbFile:41 - Overriding database path with different value: C:\Users\HP\.stmcufinder\plugins\mcufinder/ => C:\Users\HP\.stmcufinder\plugins\mcufinder
2024-03-30 21:38:01,848 [INFO] ApiDb:250 - Set database path to: C:\Users\HP\.stmcufinder\plugins\mcufinder//mcu/
2024-03-30 21:38:01,848 [WARN] DbFile:41 - Overriding database path with different value: C:\Users\HP\.stmcufinder\plugins\mcufinder/ => C:\Users\HP\.stmcufinder\plugins\mcufinder
2024-03-30 21:38:01,849 [INFO] DbMcusAds:125 - Set database path to: C:\Users\HP\.stmcufinder\plugins\mcufinder//mcu/
2024-03-30 21:38:01,849 [WARN] DbFile:41 - Overriding database path with different value: C:\Users\HP\.stmcufinder\plugins\mcufinder/ => C:\Users\HP\.stmcufinder\plugins\mcufinder
2024-03-30 21:38:01,849 [WARN] DbFile:41 - Overriding database path with different value: C:\Users\HP\.stmcufinder\plugins\mcufinder/ => C:\Users\HP\.stmcufinder\plugins\mcufinder
2024-03-30 21:38:01,849 [INFO] CrossReferenceDbSqlite:203 - Set database path to: C:\Users\HP\.stmcufinder\plugins\mcufinder//mcu/cs/
2024-03-30 21:38:01,898 [INFO] ApplicationProperties:184 - Using Application install path: C:\ST\STM32CubeIDE_1.15.0\STM32CubeIDE\plugins\com.st.stm32cube.common.mx_6.11.0.202403141607
2024-03-30 21:38:01,901 [INFO] PluginManage:196 - Search for loadable plugins [exclusion list=, ]
2024-03-30 21:38:01,904 [INFO] PluginManage:310 - Check plugin analytics
2024-03-30 21:38:11,105 [INFO] AnalyticsPlugin:253 - Accepted Software Licenses: 
2024-03-30 21:38:11,106 [INFO] AnalyticsPlugin:255 - Accepted CMSIS Pack Licenses: 
2024-03-30 21:38:11,107 [INFO] AnalyticsPlugin:257 - Accepted Firmware Licenses: 
2024-03-30 21:38:11,112 [INFO] PluginManage:359 - Loaded plugin analytics (category:tool,tabindex:-1)
2024-03-30 21:38:11,112 [INFO] PluginManage:310 - Check plugin cadmodel
2024-03-30 21:38:11,120 [INFO] CADModel:105 - Init CAD model plugin
2024-03-30 21:38:11,121 [INFO] PluginManage:359 - Loaded plugin cadmodel (category:power,tabindex:5)
2024-03-30 21:38:11,122 [INFO] PluginManage:310 - Check plugin clock
2024-03-30 21:38:11,153 [INFO] PluginManage:359 - Loaded plugin clock (category:base,tabindex:2)
2024-03-30 21:38:11,154 [INFO] PluginManage:310 - Check plugin ddr
2024-03-30 21:38:11,158 [INFO] PluginManage:359 - Loaded plugin ddr (category:tool,tabindex:6)
2024-03-30 21:38:11,158 [INFO] PluginManage:310 - Check plugin filemanager
2024-03-30 21:38:11,521 [INFO] PluginManage:359 - Loaded plugin filemanager (category:base,tabindex:10)
2024-03-30 21:38:11,521 [INFO] PluginManage:310 - Check plugin ipmanager
2024-03-30 21:38:11,535 [INFO] PluginManage:359 - Loaded plugin ipmanager (category:base,tabindex:5)
2024-03-30 21:38:11,535 [INFO] PluginManage:310 - Check plugin lpbam
2024-03-30 21:38:11,552 [INFO] PluginManage:359 - Loaded plugin lpbam (category:base,tabindex:0)
2024-03-30 21:38:11,552 [INFO] PluginManage:310 - Check plugin memorymap
2024-03-30 21:38:11,576 [INFO] PluginManage:359 - Loaded plugin memorymap (category:base,tabindex:4)
2024-03-30 21:38:11,576 [INFO] PluginManage:310 - Check plugin pinoutandconfiguration
2024-03-30 21:38:11,593 [INFO] PluginManage:359 - Loaded plugin pinoutandconfiguration (category:base,tabindex:1)
2024-03-30 21:38:11,594 [INFO] PluginManage:310 - Check plugin pinoutconfig
2024-03-30 21:38:11,809 [WARN] SupportedApi:132 - Cannot load RTOS API schema: s4s-elt-must-match.1: The content of 'definitions' must match (annotation?, (simpleType | complexType)?, (unique | key | keyref)*)). A problem was found starting at: attribute.
2024-03-30 21:38:12,119 [INFO] PluginManage:359 - Loaded plugin pinoutconfig (category:base,tabindex:0)
2024-03-30 21:38:12,119 [INFO] PluginManage:310 - Check plugin power
2024-03-30 21:38:12,134 [INFO] PluginManage:359 - Loaded plugin power (category:power,tabindex:4)
2024-03-30 21:38:12,135 [INFO] PluginManage:310 - Check plugin projectmanager
2024-03-30 21:38:12,168 [INFO] PluginManage:359 - Loaded plugin projectmanager (category:projectmanager,tabindex:3)
2024-03-30 21:38:12,168 [INFO] PluginManage:310 - Check plugin thirdparty
2024-03-30 21:38:12,404 [INFO] PluginManage:359 - Loaded plugin thirdparty (category:base,tabindex:-1)
2024-03-30 21:38:12,404 [WARN] IntegrityCheckThread:84 - waiting for thirdparty lock release [integrity check]
2024-03-30 21:38:12,404 [INFO] PluginManage:310 - Check plugin tools
2024-03-30 21:38:12,406 [INFO] IntegrityCheckThread:86 - entering critical section [integrity check]
2024-03-30 21:38:12,407 [INFO] ThirdPartyUpdaterWithRetryManager:70 - Updater plugin not ready yet. [1/15]
2024-03-30 21:38:12,409 [INFO] PluginManage:359 - Loaded plugin tools (category:base,tabindex:7)
2024-03-30 21:38:12,409 [INFO] PluginManage:310 - Check plugin tutovideos
2024-03-30 21:38:12,850 [INFO] PluginManage:359 - Loaded plugin tutovideos (category:base,tabindex:-1)
2024-03-30 21:38:12,850 [INFO] PluginManage:310 - Check plugin updater
2024-03-30 21:38:12,870 [INFO] PluginManage:359 - Loaded plugin updater (category:base,tabindex:12)
2024-03-30 21:38:12,870 [INFO] PluginManage:310 - Check plugin userauth
2024-03-30 21:38:12,883 [INFO] UserAuth:114 - Init User Auth plugin
2024-03-30 21:38:12,884 [INFO] PluginManage:359 - Loaded plugin userauth (category:base,tabindex:14)
2024-03-30 21:38:12,885 [INFO] PluginManage:283 - PluginManage : Loaded plugins [17]
2024-03-30 21:38:13,415 [INFO] PinOutPanel:1561 - setPackage(No Configuration,No Configuration)
2024-03-30 21:38:13,609 [INFO] CADModel:165 - CPN selected for project level
2024-03-30 21:38:13,610 [INFO] CADModel:114 - Register for checkConnection events
2024-03-30 21:38:13,644 [INFO] IPUIPlugin:80 - create IPUIPlugin
2024-03-30 21:38:13,645 [INFO] PluginManager:220 - loadIPPluginJar : add adc
2024-03-30 21:38:13,653 [INFO] IPUIPlugin:80 - create IPUIPlugin
2024-03-30 21:38:13,653 [INFO] PluginManager:220 - loadIPPluginJar : add aes
2024-03-30 21:38:13,661 [INFO] IPUIPlugin:80 - create IPUIPlugin
2024-03-30 21:38:13,662 [INFO] PluginManager:220 - loadIPPluginJar : add can
2024-03-30 21:38:13,668 [INFO] IPUIPlugin:80 - create IPUIPlugin
2024-03-30 21:38:13,669 [INFO] PluginManager:220 - loadIPPluginJar : add comp
2024-03-30 21:38:13,675 [INFO] IPUIPlugin:80 - create IPUIPlugin
2024-03-30 21:38:13,675 [INFO] PluginManager:220 - loadIPPluginJar : add cryp
2024-03-30 21:38:13,680 [INFO] IPUIPlugin:80 - create IPUIPlugin
2024-03-30 21:38:13,681 [INFO] PluginManager:220 - loadIPPluginJar : add dfsdm
2024-03-30 21:38:13,696 [INFO] IPUIPlugin:80 - create IPUIPlugin
2024-03-30 21:38:13,698 [INFO] PluginManager:220 - loadIPPluginJar : add dma
2024-03-30 21:38:13,707 [INFO] IPUIPlugin:80 - create IPUIPlugin
2024-03-30 21:38:13,707 [INFO] PluginManager:220 - loadIPPluginJar : add dma3
2024-03-30 21:38:13,714 [INFO] IPUIPlugin:80 - create IPUIPlugin
2024-03-30 21:38:13,715 [INFO] PluginManager:220 - loadIPPluginJar : add extmemmanager
2024-03-30 21:38:13,720 [INFO] IPUIPlugin:80 - create IPUIPlugin
2024-03-30 21:38:13,720 [INFO] PluginManager:220 - loadIPPluginJar : add fatfs
2024-03-30 21:38:13,730 [INFO] IPUIPlugin:80 - create IPUIPlugin
2024-03-30 21:38:13,730 [INFO] PluginManager:220 - loadIPPluginJar : add fmc
2024-03-30 21:38:13,742 [INFO] IPUIPlugin:80 - create IPUIPlugin
2024-03-30 21:38:13,743 [INFO] PluginManager:220 - loadIPPluginJar : add freertos
2024-03-30 21:38:13,746 [INFO] IPUIPlugin:80 - create IPUIPlugin
2024-03-30 21:38:13,746 [INFO] PluginManager:220 - loadIPPluginJar : add genericplugin
2024-03-30 21:38:13,751 [INFO] IPUIPlugin:80 - create IPUIPlugin
2024-03-30 21:38:13,751 [INFO] PluginManager:220 - loadIPPluginJar : add gfxmmu
2024-03-30 21:38:13,764 [INFO] IPUIPlugin:80 - create IPUIPlugin
2024-03-30 21:38:13,765 [INFO] PluginManager:220 - loadIPPluginJar : add gic
2024-03-30 21:38:13,775 [INFO] IPUIPlugin:80 - create IPUIPlugin
2024-03-30 21:38:13,775 [INFO] PluginManager:220 - loadIPPluginJar : add gpio
2024-03-30 21:38:13,778 [INFO] IPUIPlugin:80 - create IPUIPlugin
2024-03-30 21:38:13,779 [INFO] PluginManager:220 - loadIPPluginJar : add gtzc
2024-03-30 21:38:13,783 [INFO] IPUIPlugin:80 - create IPUIPlugin
2024-03-30 21:38:13,783 [INFO] PluginManager:220 - loadIPPluginJar : add hash
2024-03-30 21:38:13,789 [INFO] IPUIPlugin:80 - create IPUIPlugin
2024-03-30 21:38:13,789 [INFO] PluginManager:220 - loadIPPluginJar : add i2c
2024-03-30 21:38:13,795 [INFO] IPUIPlugin:80 - create IPUIPlugin
2024-03-30 21:38:13,795 [INFO] PluginManager:220 - loadIPPluginJar : add i2s
2024-03-30 21:38:13,801 [INFO] IPUIPlugin:80 - create IPUIPlugin
2024-03-30 21:38:13,801 [INFO] PluginManager:220 - loadIPPluginJar : add i3c
2024-03-30 21:38:13,808 [INFO] IPUIPlugin:80 - create IPUIPlugin
2024-03-30 21:38:13,808 [INFO] PluginManager:220 - loadIPPluginJar : add ipddr
2024-03-30 21:38:13,820 [INFO] IPUIPlugin:80 - create IPUIPlugin
2024-03-30 21:38:13,821 [INFO] PluginManager:220 - loadIPPluginJar : add linkedlist
2024-03-30 21:38:13,831 [INFO] IPUIPlugin:80 - create IPUIPlugin
2024-03-30 21:38:13,831 [INFO] PluginManager:220 - loadIPPluginJar : add lorawan
2024-03-30 21:38:13,837 [INFO] IPUIPlugin:80 - create IPUIPlugin
2024-03-30 21:38:13,838 [INFO] PluginManager:220 - loadIPPluginJar : add ltdc
2024-03-30 21:38:13,849 [INFO] IPUIPlugin:80 - create IPUIPlugin
2024-03-30 21:38:13,850 [INFO] PluginManager:220 - loadIPPluginJar : add mdma
2024-03-30 21:38:13,857 [INFO] IPUIPlugin:80 - create IPUIPlugin
2024-03-30 21:38:13,857 [INFO] PluginManager:220 - loadIPPluginJar : add nvic
2024-03-30 21:38:13,864 [INFO] IPUIPlugin:80 - create IPUIPlugin
2024-03-30 21:38:13,864 [INFO] PluginManager:220 - loadIPPluginJar : add opamp
2024-03-30 21:38:13,874 [INFO] IPUIPlugin:80 - create IPUIPlugin
2024-03-30 21:38:13,874 [INFO] PluginManager:220 - loadIPPluginJar : add openamp
2024-03-30 21:38:13,880 [INFO] IPUIPlugin:80 - create IPUIPlugin
2024-03-30 21:38:13,881 [INFO] PluginManager:220 - loadIPPluginJar : add pdm2pcm
2024-03-30 21:38:13,894 [INFO] IPUIPlugin:80 - create IPUIPlugin
2024-03-30 21:38:13,900 [INFO] PluginManager:220 - loadIPPluginJar : add plateformsettings
2024-03-30 21:38:13,905 [INFO] IPUIPlugin:80 - create IPUIPlugin
2024-03-30 21:38:13,905 [INFO] PluginManager:220 - loadIPPluginJar : add quadspi
2024-03-30 21:38:13,912 [INFO] IPUIPlugin:80 - create IPUIPlugin
2024-03-30 21:38:13,912 [INFO] PluginManager:220 - loadIPPluginJar : add resmgrutility
2024-03-30 21:38:13,919 [INFO] IPUIPlugin:80 - create IPUIPlugin
2024-03-30 21:38:13,919 [INFO] PluginManager:220 - loadIPPluginJar : add sai
2024-03-30 21:38:13,926 [INFO] IPUIPlugin:80 - create IPUIPlugin
2024-03-30 21:38:13,926 [INFO] PluginManager:220 - loadIPPluginJar : add spi
2024-03-30 21:38:13,936 [INFO] IPUIPlugin:80 - create IPUIPlugin
2024-03-30 21:38:13,936 [INFO] PluginManager:220 - loadIPPluginJar : add stm32_wpan
2024-03-30 21:38:13,943 [INFO] IPUIPlugin:80 - create IPUIPlugin
2024-03-30 21:38:13,943 [INFO] PluginManager:220 - loadIPPluginJar : add tim
2024-03-30 21:38:13,952 [INFO] IPUIPlugin:80 - create IPUIPlugin
2024-03-30 21:38:13,952 [INFO] PluginManager:220 - loadIPPluginJar : add touchsensing
2024-03-30 21:38:13,957 [INFO] IPUIPlugin:80 - create IPUIPlugin
2024-03-30 21:38:13,957 [INFO] PluginManager:220 - loadIPPluginJar : add tracer_emb
2024-03-30 21:38:13,961 [INFO] IPUIPlugin:80 - create IPUIPlugin
2024-03-30 21:38:13,961 [INFO] PluginManager:220 - loadIPPluginJar : add ts
2024-03-30 21:38:13,965 [INFO] IPUIPlugin:80 - create IPUIPlugin
2024-03-30 21:38:13,965 [INFO] PluginManager:220 - loadIPPluginJar : add tsc
2024-03-30 21:38:13,969 [INFO] IPUIPlugin:80 - create IPUIPlugin
2024-03-30 21:38:13,969 [INFO] PluginManager:220 - loadIPPluginJar : add ucpd
2024-03-30 21:38:13,975 [INFO] IPUIPlugin:80 - create IPUIPlugin
2024-03-30 21:38:13,976 [INFO] PluginManager:220 - loadIPPluginJar : add usart
2024-03-30 21:38:13,982 [INFO] IPUIPlugin:80 - create IPUIPlugin
2024-03-30 21:38:13,982 [INFO] PluginManager:220 - loadIPPluginJar : add usbx
2024-03-30 21:38:14,210 [INFO] CADModel:165 - CPN selected for project level
2024-03-30 21:38:14,211 [INFO] CADModel:114 - Register for checkConnection events
2024-03-30 21:38:14,211 [FATAL] Updater:308 - Updater called before beeing initialized
2024-03-30 21:38:14,212 [ERROR] CADModel:125 - Updater not yet initialized, retry later 
2024-03-30 21:38:14,524 [INFO] CADModel:165 - CPN selected for project level
2024-03-30 21:38:14,524 [INFO] CADModel:114 - Register for checkConnection events
2024-03-30 21:38:14,527 [FATAL] Updater:308 - Updater called before beeing initialized
2024-03-30 21:38:14,527 [ERROR] CADModel:125 - Updater not yet initialized, retry later 
2024-03-30 21:38:14,534 [FATAL] Updater:308 - Updater called before beeing initialized
2024-03-30 21:38:14,776 [FATAL] Updater:308 - Updater called before beeing initialized
2024-03-30 21:38:14,786 [INFO] DbMcusAds:53 - JSON generation date=Thu Sep 30 12:25:09 IST 2021 (1632984909247)
2024-03-30 21:38:14,786 [FATAL] Updater:308 - Updater called before beeing initialized
2024-03-30 21:38:14,870 [WARN] DetailPanel:346 - Failed to get advertising image, set to default
2024-03-30 21:38:15,071 [FATAL] Updater:308 - Updater called before beeing initialized
2024-03-30 21:38:15,074 [FATAL] Updater:308 - Updater called before beeing initialized
2024-03-30 21:38:15,074 [FATAL] Updater:308 - Updater called before beeing initialized
2024-03-30 21:38:15,075 [WARN] DetailPanel:346 - Failed to get advertising image, set to default
2024-03-30 21:38:15,078 [FATAL] Updater:308 - Updater called before beeing initialized
2024-03-30 21:38:15,214 [ERROR] Updater:1120 - MainUpdater not yet initialized. External WinMGr cannot be set.
2024-03-30 21:38:15,218 [INFO] Updater:1056 - Updater Version found : 6.11.0
2024-03-30 21:38:15,249 [INFO] ApplicationProperties:184 - Using Application install path: C:\ST\STM32CubeIDE_1.15.0\STM32CubeIDE\plugins\com.st.stm32cube.common.mx_6.11.0.202403141607
2024-03-30 21:38:15,409 [INFO] ThirdPartyUpdaterWithRetryManager:70 - Updater plugin not ready yet. [2/15]
2024-03-30 21:38:16,061 [INFO] MainUpdater:2873 - connection check result : 10
2024-03-30 21:38:16,062 [INFO] MainUpdater:290 - Updater Check For Update Now.
2024-03-30 21:38:16,063 [INFO] MicroXplorer:498 - Change Database Version : DB.6.0.110
2024-03-30 21:38:16,077 [INFO] McuFinderGlobals:63 - Set McuFinder mode to 2 (CubeIDE integrated)
2024-03-30 21:38:16,077 [INFO] UserAuth:179 - activating auth plugin
2024-03-30 21:38:16,106 [INFO] UserAuth:415 - Internet connection configuration mode: 1
2024-03-30 21:38:16,149 [INFO] JxBrowserEngine:152 - Initiate JxBrowser Engine with user profile folder
2024-03-30 21:38:16,390 [INFO] CheckServerUpdateThread:120 - End of CheckServer Thread
2024-03-30 21:38:17,791 [INFO] WebApp:161 - Instantiating new browser for Auth
2024-03-30 21:38:18,919 [WARN] PackLoader:240 - Cannot read IP mode file for STMicroelectronics.X-CUBE-SMBUS.2.1.0
2024-03-30 21:38:18,936 [WARN] PackLoader:240 - Cannot read IP mode file for STMicroelectronics.X-CUBE-TOUCHGFX.4.23.1
2024-03-30 21:38:19,059 [WARN] PackLoader:240 - Cannot read IP mode file for STMicroelectronics.X-CUBE-AZRTOS-F7.1.1.0
2024-03-30 21:38:19,090 [WARN] PackLoader:240 - Cannot read IP mode file for STMicroelectronics.FP-SNS-FLIGHT1.5.0.2
2024-03-30 21:38:19,110 [WARN] PackLoader:240 - Cannot read IP mode file for STMicroelectronics.X-CUBE-DISPLAY.3.0.0
2024-03-30 21:38:19,141 [WARN] PackLoader:240 - Cannot read IP mode file for STMicroelectronics.X-CUBE-BLE1.7.0.0
2024-03-30 21:38:19,187 [WARN] PackLoader:240 - Cannot read IP mode file for emotas.I-CUBE-CANOPEN.1.3.0
2024-03-30 21:38:19,227 [WARN] PackLoader:240 - Cannot read IP mode file for STMicroelectronics.X-CUBE-BLEMGR.3.1.0
2024-03-30 21:38:19,249 [WARN] PackLoader:240 - Cannot read IP mode file for STMicroelectronics.FP-SNS-SMARTAG2.1.2.0
2024-03-30 21:38:19,278 [INFO] LogOutputStream:77 - [STDOUT_REDIRECT] 1 : Invalid condition id : UX_CORESTACK_Condition cause : null
2024-03-30 21:38:19,281 [INFO] LogOutputStream:77 - [STDOUT_REDIRECT] 1 : Invalid condition id : UX_CORESTACK_Condition cause : null
2024-03-30 21:38:19,284 [INFO] LogOutputStream:77 - [STDOUT_REDIRECT] 1 : Invalid condition id : UX_CORESTACK_Condition cause : null
2024-03-30 21:38:19,287 [INFO] LogOutputStream:77 - [STDOUT_REDIRECT] 1 : Invalid condition id : UX_CORESTACK_Condition cause : null
2024-03-30 21:38:19,308 [INFO] LogOutputStream:77 - [STDOUT_REDIRECT] 1 : Invalid condition id : UX_CORESTACK_Condition cause : null
2024-03-30 21:38:19,322 [WARN] PackLoader:240 - Cannot read IP mode file for STMicroelectronics.X-CUBE-AZRTOS-WL.2.0.0
2024-03-30 21:38:19,337 [WARN] PackLoader:240 - Cannot read IP mode file for STMicroelectronics.FP-SNS-MOTENV1.5.0.0
2024-03-30 21:38:19,358 [WARN] PackLoader:240 - Cannot read IP mode file for WES.I-CUBE-Cesium.1.3.0
2024-03-30 21:38:19,369 [WARN] PackLoader:240 - Cannot read IP mode file for STMicroelectronics.X-CUBE-BLE2.3.3.0
2024-03-30 21:38:19,384 [WARN] PackLoader:240 - Cannot read IP mode file for STMicroelectronics.X-CUBE-ALGOBUILD.1.3.0
2024-03-30 21:38:19,502 [WARN] PackLoader:240 - Cannot read IP mode file for STMicroelectronics.X-CUBE-AZRTOS-G0.1.1.0
2024-03-30 21:38:19,522 [WARN] PackLoader:240 - Cannot read IP mode file for STMicroelectronics.X-CUBE-SAFEA1.1.2.2
2024-03-30 21:38:19,535 [WARN] PackLoader:240 - Cannot read IP mode file for STMicroelectronics.X-CUBE-NFC4.3.0.0
2024-03-30 21:38:19,545 [WARN] PackLoader:240 - Cannot read IP mode file for wolfSSL.I-CUBE-wolfSSL.5.7.0
2024-03-30 21:38:19,552 [WARN] PackLoader:240 - Cannot read IP mode file for STMicroelectronics.FP-ATR-SIGFOX1.3.2.0
2024-03-30 21:38:19,564 [WARN] PackLoader:240 - Cannot read IP mode file for STMicroelectronics.X-CUBE-EEPRMA1.5.1.0
2024-03-30 21:38:19,588 [WARN] PackLoader:240 - Cannot read IP mode file for ITTIA_DB.I-CUBE-ITTIADB.8.9.0
2024-03-30 21:38:19,705 [WARN] PackLoader:240 - Cannot read IP mode file for SEGGER.I-CUBE-embOS.1.3.1
2024-03-30 21:38:19,872 [WARN] PackLoader:240 - Cannot read IP mode file for STMicroelectronics.X-CUBE-GNSS1.6.0.0
2024-03-30 21:38:19,947 [WARN] PackLoader:240 - Cannot read IP mode file for STMicroelectronics.X-CUBE-AZRTOS-F4.1.1.0
2024-03-30 21:38:19,990 [WARN] PackLoader:240 - Cannot read IP mode file for STMicroelectronics.X-CUBE-AZRTOS-L5.2.0.0
2024-03-30 21:38:20,010 [WARN] PackLoader:240 - Cannot read IP mode file for STMicroelectronics.X-CUBE-NFC6.3.1.0
2024-03-30 21:38:20,025 [WARN] PackLoader:240 - Cannot read IP mode file for STMicroelectronics.X-CUBE-NFC7.1.0.1
2024-03-30 21:38:20,032 [INFO] WebApp:779 - Register for checkConnection events
2024-03-30 21:38:20,032 [INFO] WebApp:414 - Apply proxy settings
2024-03-30 21:38:20,033 [INFO] WebApp:499 - Chromium requires no authentication
2024-03-30 21:38:20,050 [INFO] WebApp:442 - Direct internet connection detected
2024-03-30 21:38:20,055 [WARN] PackLoader:240 - Cannot read IP mode file for STMicroelectronics.X-CUBE-AI.8.1.0
2024-03-30 21:38:20,097 [WARN] ConditionMgr:438 - getConditionDescription Invalid condition id : LAN8742 Phy interface Condition cause : null
2024-03-30 21:38:20,099 [WARN] PackLoader:240 - Cannot read IP mode file for STMicroelectronics.X-CUBE-AZRTOS-L4.2.0.0
2024-03-30 21:38:20,101 [WARN] ConditionMgr:1039 - genDependencies : Invalid condition id : LAN8742 Phy interface Condition cause : null
2024-03-30 21:38:20,102 [WARN] ConditionMgr:1039 - genDependencies : Invalid condition id : LAN8742 Phy interface Condition cause : null
2024-03-30 21:38:20,103 [WARN] ConditionMgr:1039 - genDependencies : Invalid condition id : LAN8742 Phy interface Condition cause : null
2024-03-30 21:38:20,117 [WARN] PackLoader:240 - Cannot read IP mode file for STMicroelectronics.X-CUBE-SFXS2LP1.4.0.0
2024-03-30 21:38:20,144 [WARN] ConditionMgr:438 - getConditionDescription Invalid condition id : UX DEVICE CLASS RTOS Condition cause : null
2024-03-30 21:38:20,145 [WARN] ConditionMgr:438 - getConditionDescription Invalid condition id : UX DEVICE CLASS RTOS Condition cause : null
2024-03-30 21:38:20,192 [WARN] PackLoader:240 - Cannot read IP mode file for STMicroelectronics.X-CUBE-AZRTOS-WB.2.0.0
2024-03-30 21:38:20,193 [WARN] ConditionMgr:1039 - genDependencies : Invalid condition id : UX DEVICE CLASS RTOS Condition cause : null
2024-03-30 21:38:20,193 [WARN] ConditionMgr:1039 - genDependencies : Invalid condition id : UX DEVICE CLASS RTOS Condition cause : null
2024-03-30 21:38:20,194 [WARN] ConditionMgr:1039 - genDependencies : Invalid condition id : UX DEVICE CLASS RTOS Condition cause : null
2024-03-30 21:38:20,195 [WARN] ConditionMgr:1039 - genDependencies : Invalid condition id : UX DEVICE CLASS RTOS Condition cause : null
2024-03-30 21:38:20,195 [WARN] ConditionMgr:1039 - genDependencies : Invalid condition id : UX DEVICE CLASS RTOS Condition cause : null
2024-03-30 21:38:20,215 [WARN] PackLoader:240 - Cannot read IP mode file for STMicroelectronics.X-CUBE-SUBG2.5.0.0
2024-03-30 21:38:20,265 [WARN] PackLoader:240 - Cannot read IP mode file for STMicroelectronics.X-CUBE-AZRTOS-G4.2.0.0
2024-03-30 21:38:20,298 [WARN] PackLoader:240 - Cannot read IP mode file for Infineon.AIROC-Wi-Fi-Bluetooth-STM32.1.5.1
2024-03-30 21:38:20,316 [WARN] PackLoader:240 - Cannot read IP mode file for STMicroelectronics.FP-SNS-MOTENVWB1.1.3.1
2024-03-30 21:38:20,325 [WARN] PackLoader:240 - Cannot read IP mode file for STMicroelectronics.X-CUBE-ISPU.2.0.0
2024-03-30 21:38:20,490 [WARN] PackLoader:240 - Cannot read IP mode file for STMicroelectronics.X-CUBE-MEMS1.10.0.0
2024-03-30 21:38:20,743 [INFO] WebApp:192 - Starting web application
2024-03-30 21:38:20,743 [INFO] WebApp:544 - Web application path used C:\ST\STM32CubeIDE_1.15.0\STM32CubeIDE\plugins\com.st.stm32cube.common.mx_6.11.0.202403141607\db\plugins\mcufinder\reactClient1\index.html
2024-03-30 21:38:20,904 [WARN] PackLoader:240 - Cannot read IP mode file for STMicroelectronics.X-CUBE-FREERTOS.1.1.0
2024-03-30 21:38:20,915 [WARN] PackLoader:240 - Cannot read IP mode file for portGmbH.I-Cube-SoM-uGOAL.1.1.0
2024-03-30 21:38:20,924 [WARN] PackLoader:240 - Cannot read IP mode file for STMicroelectronics.X-CUBE-ALS.1.0.1
2024-03-30 21:38:20,932 [WARN] PackLoader:240 - Cannot read IP mode file for STMicroelectronics.FP-ATR-ASTRA1.2.0.0
2024-03-30 21:38:20,974 [WARN] PackLoader:240 - Cannot read IP mode file for STMicroelectronics.X-CUBE-TOF1.3.4.1
2024-03-30 21:38:21,069 [WARN] PackLoader:240 - Cannot read IP mode file for STMicroelectronics.X-CUBE-AZRTOS-H7.3.2.0
2024-03-30 21:38:21,077 [INFO] ThirdParty:978 - Integrity check success = true
2024-03-30 21:38:21,077 [INFO] IntegrityCheckThread:100 - exiting critical section [integrity check]
2024-03-30 21:38:21,103 [INFO] IntegrityCheckThread:103 - End integrity checks thread
2024-03-30 21:38:51,449 [ERROR] LogOutputStream:75 - [STDERR_REDIRECT] 
2024-03-30 21:41:02,757 [INFO] Activator:176 - 


2024-03-30 21:41:02,762 [INFO] Activator:177 - !SESSION log4j initialized
2024-03-30 21:41:09,192 [INFO] LogOutputStream:77 - [STDOUT_REDIRECT] 
2024-03-30 21:41:19,274 [INFO] ApplicationProperties:184 - Using Application install path: C:\ST\STM32CubeIDE_1.15.0\STM32CubeIDE\plugins\com.st.stm32cube.common.mx_6.11.0.202403141607
2024-03-30 21:41:19,310 [INFO] DbMcusXml:78 - Set database path to: C:\ST\STM32CubeIDE_1.15.0\STM32CubeIDE\plugins\com.st.stm32cube.common.mx_6.11.0.202403141607\\db\/mcu/
2024-03-30 21:41:19,311 [INFO] ApiDb:274 - Set plugin database path to: C:\ST\STM32CubeIDE_1.15.0\STM32CubeIDE\plugins\com.st.stm32cube.common.mx_6.11.0.202403141607\\db\/plugins/boardmanager/
2024-03-30 21:41:19,312 [WARN] ApiDb:259 - Overriding images path with different value:  => C:\ST\STM32CubeIDE_1.15.0\STM32CubeIDE\plugins\com.st.stm32cube.common.mx_6.11.0.202403141607\\db\/plugins/mcufinder/images/
2024-03-30 21:41:19,328 [INFO] ApiDb:250 - Set database path to: C:\Users\HP\.stmcufinder\plugins\mcufinder//mcu/
2024-03-30 21:41:19,330 [INFO] DbMcusAds:125 - Set database path to: C:\Users\HP\.stmcufinder\plugins\mcufinder//mcu/
2024-03-30 21:41:19,337 [INFO] CrossReferenceDbSqlite:203 - Set database path to: C:\Users\HP\.stmcufinder\plugins\mcufinder//mcu/cs/
2024-03-30 21:41:19,619 [INFO] RulesReader:64 - Compatibility file has been processed (297 Rules)
2024-03-30 21:41:19,808 [INFO] DbMcusXml:78 - Set database path to: C:\ST\STM32CubeIDE_1.15.0\STM32CubeIDE\plugins\com.st.stm32cube.common.mx_6.11.0.202403141607\\db\/mcu/
2024-03-30 21:41:19,809 [INFO] ApiDb:274 - Set plugin database path to: C:\ST\STM32CubeIDE_1.15.0\STM32CubeIDE\plugins\com.st.stm32cube.common.mx_6.11.0.202403141607\\db\/plugins/boardmanager/
2024-03-30 21:41:19,809 [INFO] ApiDb:261 - Set plugin images path to: C:\ST\STM32CubeIDE_1.15.0\STM32CubeIDE\plugins\com.st.stm32cube.common.mx_6.11.0.202403141607\\db\/plugins/mcufinder/images/
2024-03-30 21:41:19,810 [WARN] DbFile:41 - Overriding database path with different value: C:\Users\HP\.stmcufinder\plugins\mcufinder/ => C:\Users\HP\.stmcufinder\plugins\mcufinder
2024-03-30 21:41:19,810 [INFO] ApiDb:250 - Set database path to: C:\Users\HP\.stmcufinder\plugins\mcufinder//mcu/
2024-03-30 21:41:19,811 [WARN] DbFile:41 - Overriding database path with different value: C:\Users\HP\.stmcufinder\plugins\mcufinder/ => C:\Users\HP\.stmcufinder\plugins\mcufinder
2024-03-30 21:41:19,811 [INFO] DbMcusAds:125 - Set database path to: C:\Users\HP\.stmcufinder\plugins\mcufinder//mcu/
2024-03-30 21:41:19,811 [WARN] DbFile:41 - Overriding database path with different value: C:\Users\HP\.stmcufinder\plugins\mcufinder/ => C:\Users\HP\.stmcufinder\plugins\mcufinder
2024-03-30 21:41:19,811 [WARN] DbFile:41 - Overriding database path with different value: C:\Users\HP\.stmcufinder\plugins\mcufinder/ => C:\Users\HP\.stmcufinder\plugins\mcufinder
2024-03-30 21:41:19,812 [INFO] CrossReferenceDbSqlite:203 - Set database path to: C:\Users\HP\.stmcufinder\plugins\mcufinder//mcu/cs/
2024-03-30 21:41:19,995 [INFO] MainPanel:264 - HeapMemory: 268435456
2024-03-30 21:41:20,168 [INFO] DbMcusXml:78 - Set database path to: C:\ST\STM32CubeIDE_1.15.0\STM32CubeIDE\plugins\com.st.stm32cube.common.mx_6.11.0.202403141607\\db\/mcu/
2024-03-30 21:41:20,169 [INFO] ApiDb:274 - Set plugin database path to: C:\ST\STM32CubeIDE_1.15.0\STM32CubeIDE\plugins\com.st.stm32cube.common.mx_6.11.0.202403141607\\db\/plugins/boardmanager/
2024-03-30 21:41:20,169 [INFO] ApiDb:261 - Set plugin images path to: C:\ST\STM32CubeIDE_1.15.0\STM32CubeIDE\plugins\com.st.stm32cube.common.mx_6.11.0.202403141607\\db\/plugins/mcufinder/images/
2024-03-30 21:41:20,170 [WARN] DbFile:41 - Overriding database path with different value: C:\Users\HP\.stmcufinder\plugins\mcufinder/ => C:\Users\HP\.stmcufinder\plugins\mcufinder
2024-03-30 21:41:20,170 [INFO] ApiDb:250 - Set database path to: C:\Users\HP\.stmcufinder\plugins\mcufinder//mcu/
2024-03-30 21:41:20,171 [WARN] DbFile:41 - Overriding database path with different value: C:\Users\HP\.stmcufinder\plugins\mcufinder/ => C:\Users\HP\.stmcufinder\plugins\mcufinder
2024-03-30 21:41:20,171 [INFO] DbMcusAds:125 - Set database path to: C:\Users\HP\.stmcufinder\plugins\mcufinder//mcu/
2024-03-30 21:41:20,171 [WARN] DbFile:41 - Overriding database path with different value: C:\Users\HP\.stmcufinder\plugins\mcufinder/ => C:\Users\HP\.stmcufinder\plugins\mcufinder
2024-03-30 21:41:20,171 [WARN] DbFile:41 - Overriding database path with different value: C:\Users\HP\.stmcufinder\plugins\mcufinder/ => C:\Users\HP\.stmcufinder\plugins\mcufinder
2024-03-30 21:41:23,294 [INFO] CrossReferenceDbSqlite:203 - Set database path to: C:\Users\HP\.stmcufinder\plugins\mcufinder//mcu/cs/
2024-03-30 21:41:23,333 [INFO] ApplicationProperties:184 - Using Application install path: C:\ST\STM32CubeIDE_1.15.0\STM32CubeIDE\plugins\com.st.stm32cube.common.mx_6.11.0.202403141607
2024-03-30 21:41:23,337 [INFO] PluginManage:196 - Search for loadable plugins [exclusion list=, ]
2024-03-30 21:41:23,339 [INFO] PluginManage:310 - Check plugin analytics
2024-03-30 21:41:31,401 [INFO] AnalyticsPlugin:253 - Accepted Software Licenses: 
2024-03-30 21:41:31,401 [INFO] AnalyticsPlugin:255 - Accepted CMSIS Pack Licenses: 
2024-03-30 21:41:31,402 [INFO] AnalyticsPlugin:257 - Accepted Firmware Licenses: 
2024-03-30 21:41:31,410 [INFO] PluginManage:359 - Loaded plugin analytics (category:tool,tabindex:-1)
2024-03-30 21:41:31,411 [INFO] PluginManage:310 - Check plugin cadmodel
2024-03-30 21:41:31,421 [INFO] CADModel:105 - Init CAD model plugin
2024-03-30 21:41:31,423 [INFO] PluginManage:359 - Loaded plugin cadmodel (category:power,tabindex:5)
2024-03-30 21:41:31,424 [INFO] PluginManage:310 - Check plugin clock
2024-03-30 21:41:31,443 [INFO] PluginManage:359 - Loaded plugin clock (category:base,tabindex:2)
2024-03-30 21:41:31,443 [INFO] PluginManage:310 - Check plugin ddr
2024-03-30 21:41:31,447 [INFO] PluginManage:359 - Loaded plugin ddr (category:tool,tabindex:6)
2024-03-30 21:41:31,448 [INFO] PluginManage:310 - Check plugin filemanager
2024-03-30 21:41:31,769 [INFO] PluginManage:359 - Loaded plugin filemanager (category:base,tabindex:10)
2024-03-30 21:41:31,769 [INFO] PluginManage:310 - Check plugin ipmanager
2024-03-30 21:41:31,788 [INFO] PluginManage:359 - Loaded plugin ipmanager (category:base,tabindex:5)
2024-03-30 21:41:31,789 [INFO] PluginManage:310 - Check plugin lpbam
2024-03-30 21:41:31,806 [INFO] PluginManage:359 - Loaded plugin lpbam (category:base,tabindex:0)
2024-03-30 21:41:31,807 [INFO] PluginManage:310 - Check plugin memorymap
2024-03-30 21:41:31,841 [INFO] PluginManage:359 - Loaded plugin memorymap (category:base,tabindex:4)
2024-03-30 21:41:31,841 [INFO] PluginManage:310 - Check plugin pinoutandconfiguration
2024-03-30 21:41:31,858 [INFO] PluginManage:359 - Loaded plugin pinoutandconfiguration (category:base,tabindex:1)
2024-03-30 21:41:31,859 [INFO] PluginManage:310 - Check plugin pinoutconfig
2024-03-30 21:41:32,094 [WARN] SupportedApi:132 - Cannot load RTOS API schema: s4s-elt-must-match.1: The content of 'definitions' must match (annotation?, (simpleType | complexType)?, (unique | key | keyref)*)). A problem was found starting at: attribute.
2024-03-30 21:41:32,465 [INFO] PluginManage:359 - Loaded plugin pinoutconfig (category:base,tabindex:0)
2024-03-30 21:41:32,465 [INFO] PluginManage:310 - Check plugin power
2024-03-30 21:41:32,484 [INFO] PluginManage:359 - Loaded plugin power (category:power,tabindex:4)
2024-03-30 21:41:32,485 [INFO] PluginManage:310 - Check plugin projectmanager
2024-03-30 21:41:32,535 [INFO] PluginManage:359 - Loaded plugin projectmanager (category:projectmanager,tabindex:3)
2024-03-30 21:41:32,536 [INFO] PluginManage:310 - Check plugin thirdparty
2024-03-30 21:41:32,855 [INFO] PluginManage:359 - Loaded plugin thirdparty (category:base,tabindex:-1)
2024-03-30 21:41:32,856 [INFO] PluginManage:310 - Check plugin tools
2024-03-30 21:41:32,861 [INFO] PluginManage:359 - Loaded plugin tools (category:base,tabindex:7)
2024-03-30 21:41:32,862 [INFO] PluginManage:310 - Check plugin tutovideos
2024-03-30 21:41:32,889 [WARN] IntegrityCheckThread:84 - waiting for thirdparty lock release [integrity check]
2024-03-30 21:41:32,896 [INFO] IntegrityCheckThread:86 - entering critical section [integrity check]
2024-03-30 21:41:32,897 [INFO] ThirdPartyUpdaterWithRetryManager:70 - Updater plugin not ready yet. [1/15]
2024-03-30 21:41:33,296 [INFO] PluginManage:359 - Loaded plugin tutovideos (category:base,tabindex:-1)
2024-03-30 21:41:33,297 [INFO] PluginManage:310 - Check plugin updater
2024-03-30 21:41:33,322 [INFO] PluginManage:359 - Loaded plugin updater (category:base,tabindex:12)
2024-03-30 21:41:33,323 [INFO] PluginManage:310 - Check plugin userauth
2024-03-30 21:41:33,332 [INFO] UserAuth:114 - Init User Auth plugin
2024-03-30 21:41:33,333 [INFO] PluginManage:359 - Loaded plugin userauth (category:base,tabindex:14)
2024-03-30 21:41:33,334 [INFO] PluginManage:283 - PluginManage : Loaded plugins [17]
2024-03-30 21:41:33,913 [INFO] PinOutPanel:1561 - setPackage(No Configuration,No Configuration)
2024-03-30 21:41:34,071 [INFO] CADModel:165 - CPN selected for project level
2024-03-30 21:41:34,072 [INFO] CADModel:114 - Register for checkConnection events
2024-03-30 21:41:34,106 [INFO] IPUIPlugin:80 - create IPUIPlugin
2024-03-30 21:41:34,106 [INFO] PluginManager:220 - loadIPPluginJar : add adc
2024-03-30 21:41:34,111 [INFO] IPUIPlugin:80 - create IPUIPlugin
2024-03-30 21:41:34,112 [INFO] PluginManager:220 - loadIPPluginJar : add aes
2024-03-30 21:41:34,118 [INFO] IPUIPlugin:80 - create IPUIPlugin
2024-03-30 21:41:34,119 [INFO] PluginManager:220 - loadIPPluginJar : add can
2024-03-30 21:41:34,123 [INFO] IPUIPlugin:80 - create IPUIPlugin
2024-03-30 21:41:34,124 [INFO] PluginManager:220 - loadIPPluginJar : add comp
2024-03-30 21:41:34,131 [INFO] IPUIPlugin:80 - create IPUIPlugin
2024-03-30 21:41:34,131 [INFO] PluginManager:220 - loadIPPluginJar : add cryp
2024-03-30 21:41:34,135 [INFO] IPUIPlugin:80 - create IPUIPlugin
2024-03-30 21:41:34,135 [INFO] PluginManager:220 - loadIPPluginJar : add dfsdm
2024-03-30 21:41:34,147 [INFO] IPUIPlugin:80 - create IPUIPlugin
2024-03-30 21:41:34,148 [INFO] PluginManager:220 - loadIPPluginJar : add dma
2024-03-30 21:41:34,154 [INFO] IPUIPlugin:80 - create IPUIPlugin
2024-03-30 21:41:34,155 [INFO] PluginManager:220 - loadIPPluginJar : add dma3
2024-03-30 21:41:34,161 [INFO] IPUIPlugin:80 - create IPUIPlugin
2024-03-30 21:41:34,161 [INFO] PluginManager:220 - loadIPPluginJar : add extmemmanager
2024-03-30 21:41:34,166 [INFO] IPUIPlugin:80 - create IPUIPlugin
2024-03-30 21:41:34,167 [INFO] PluginManager:220 - loadIPPluginJar : add fatfs
2024-03-30 21:41:34,177 [INFO] IPUIPlugin:80 - create IPUIPlugin
2024-03-30 21:41:34,178 [INFO] PluginManager:220 - loadIPPluginJar : add fmc
2024-03-30 21:41:34,189 [INFO] IPUIPlugin:80 - create IPUIPlugin
2024-03-30 21:41:34,190 [INFO] PluginManager:220 - loadIPPluginJar : add freertos
2024-03-30 21:41:34,193 [INFO] IPUIPlugin:80 - create IPUIPlugin
2024-03-30 21:41:34,194 [INFO] PluginManager:220 - loadIPPluginJar : add genericplugin
2024-03-30 21:41:34,199 [INFO] IPUIPlugin:80 - create IPUIPlugin
2024-03-30 21:41:34,199 [INFO] PluginManager:220 - loadIPPluginJar : add gfxmmu
2024-03-30 21:41:34,212 [INFO] IPUIPlugin:80 - create IPUIPlugin
2024-03-30 21:41:34,213 [INFO] PluginManager:220 - loadIPPluginJar : add gic
2024-03-30 21:41:34,221 [INFO] IPUIPlugin:80 - create IPUIPlugin
2024-03-30 21:41:34,222 [INFO] PluginManager:220 - loadIPPluginJar : add gpio
2024-03-30 21:41:34,226 [INFO] IPUIPlugin:80 - create IPUIPlugin
2024-03-30 21:41:34,226 [INFO] PluginManager:220 - loadIPPluginJar : add gtzc
2024-03-30 21:41:34,231 [INFO] IPUIPlugin:80 - create IPUIPlugin
2024-03-30 21:41:34,232 [INFO] PluginManager:220 - loadIPPluginJar : add hash
2024-03-30 21:41:34,237 [INFO] IPUIPlugin:80 - create IPUIPlugin
2024-03-30 21:41:34,238 [INFO] PluginManager:220 - loadIPPluginJar : add i2c
2024-03-30 21:41:34,242 [INFO] IPUIPlugin:80 - create IPUIPlugin
2024-03-30 21:41:34,242 [INFO] PluginManager:220 - loadIPPluginJar : add i2s
2024-03-30 21:41:34,247 [INFO] IPUIPlugin:80 - create IPUIPlugin
2024-03-30 21:41:34,248 [INFO] PluginManager:220 - loadIPPluginJar : add i3c
2024-03-30 21:41:34,257 [INFO] IPUIPlugin:80 - create IPUIPlugin
2024-03-30 21:41:34,257 [INFO] PluginManager:220 - loadIPPluginJar : add ipddr
2024-03-30 21:41:34,271 [INFO] IPUIPlugin:80 - create IPUIPlugin
2024-03-30 21:41:34,272 [INFO] PluginManager:220 - loadIPPluginJar : add linkedlist
2024-03-30 21:41:34,280 [INFO] IPUIPlugin:80 - create IPUIPlugin
2024-03-30 21:41:34,281 [INFO] PluginManager:220 - loadIPPluginJar : add lorawan
2024-03-30 21:41:34,285 [INFO] IPUIPlugin:80 - create IPUIPlugin
2024-03-30 21:41:34,286 [INFO] PluginManager:220 - loadIPPluginJar : add ltdc
2024-03-30 21:41:34,298 [INFO] IPUIPlugin:80 - create IPUIPlugin
2024-03-30 21:41:34,299 [INFO] PluginManager:220 - loadIPPluginJar : add mdma
2024-03-30 21:41:34,307 [INFO] IPUIPlugin:80 - create IPUIPlugin
2024-03-30 21:41:34,308 [INFO] PluginManager:220 - loadIPPluginJar : add nvic
2024-03-30 21:41:34,316 [INFO] IPUIPlugin:80 - create IPUIPlugin
2024-03-30 21:41:34,316 [INFO] PluginManager:220 - loadIPPluginJar : add opamp
2024-03-30 21:41:34,323 [INFO] IPUIPlugin:80 - create IPUIPlugin
2024-03-30 21:41:34,324 [INFO] PluginManager:220 - loadIPPluginJar : add openamp
2024-03-30 21:41:34,331 [INFO] IPUIPlugin:80 - create IPUIPlugin
2024-03-30 21:41:34,331 [INFO] PluginManager:220 - loadIPPluginJar : add pdm2pcm
2024-03-30 21:41:34,344 [INFO] IPUIPlugin:80 - create IPUIPlugin
2024-03-30 21:41:34,350 [INFO] PluginManager:220 - loadIPPluginJar : add plateformsettings
2024-03-30 21:41:34,354 [INFO] IPUIPlugin:80 - create IPUIPlugin
2024-03-30 21:41:34,354 [INFO] PluginManager:220 - loadIPPluginJar : add quadspi
2024-03-30 21:41:34,360 [INFO] IPUIPlugin:80 - create IPUIPlugin
2024-03-30 21:41:34,360 [INFO] PluginManager:220 - loadIPPluginJar : add resmgrutility
2024-03-30 21:41:34,367 [INFO] IPUIPlugin:80 - create IPUIPlugin
2024-03-30 21:41:34,367 [INFO] PluginManager:220 - loadIPPluginJar : add sai
2024-03-30 21:41:34,373 [INFO] IPUIPlugin:80 - create IPUIPlugin
2024-03-30 21:41:34,373 [INFO] PluginManager:220 - loadIPPluginJar : add spi
2024-03-30 21:41:34,387 [INFO] IPUIPlugin:80 - create IPUIPlugin
2024-03-30 21:41:34,387 [INFO] PluginManager:220 - loadIPPluginJar : add stm32_wpan
2024-03-30 21:41:34,390 [INFO] IPUIPlugin:80 - create IPUIPlugin
2024-03-30 21:41:34,390 [INFO] PluginManager:220 - loadIPPluginJar : add tim
2024-03-30 21:41:34,397 [INFO] IPUIPlugin:80 - create IPUIPlugin
2024-03-30 21:41:34,397 [INFO] PluginManager:220 - loadIPPluginJar : add touchsensing
2024-03-30 21:41:34,404 [INFO] IPUIPlugin:80 - create IPUIPlugin
2024-03-30 21:41:34,404 [INFO] PluginManager:220 - loadIPPluginJar : add tracer_emb
2024-03-30 21:41:34,412 [INFO] IPUIPlugin:80 - create IPUIPlugin
2024-03-30 21:41:34,412 [INFO] PluginManager:220 - loadIPPluginJar : add ts
2024-03-30 21:41:34,417 [INFO] IPUIPlugin:80 - create IPUIPlugin
2024-03-30 21:41:34,417 [INFO] PluginManager:220 - loadIPPluginJar : add tsc
2024-03-30 21:41:34,421 [INFO] IPUIPlugin:80 - create IPUIPlugin
2024-03-30 21:41:34,421 [INFO] PluginManager:220 - loadIPPluginJar : add ucpd
2024-03-30 21:41:34,426 [INFO] IPUIPlugin:80 - create IPUIPlugin
2024-03-30 21:41:34,426 [INFO] PluginManager:220 - loadIPPluginJar : add usart
2024-03-30 21:41:34,432 [INFO] IPUIPlugin:80 - create IPUIPlugin
2024-03-30 21:41:34,433 [INFO] PluginManager:220 - loadIPPluginJar : add usbx
2024-03-30 21:41:34,644 [INFO] CADModel:165 - CPN selected for project level
2024-03-30 21:41:34,644 [INFO] CADModel:114 - Register for checkConnection events
2024-03-30 21:41:34,645 [FATAL] Updater:308 - Updater called before beeing initialized
2024-03-30 21:41:34,646 [ERROR] CADModel:125 - Updater not yet initialized, retry later 
2024-03-30 21:41:34,957 [INFO] CADModel:165 - CPN selected for project level
2024-03-30 21:41:34,958 [INFO] CADModel:114 - Register for checkConnection events
2024-03-30 21:41:34,958 [FATAL] Updater:308 - Updater called before beeing initialized
2024-03-30 21:41:34,959 [ERROR] CADModel:125 - Updater not yet initialized, retry later 
2024-03-30 21:41:34,968 [FATAL] Updater:308 - Updater called before beeing initialized
2024-03-30 21:41:35,189 [FATAL] Updater:308 - Updater called before beeing initialized
2024-03-30 21:41:35,200 [INFO] DbMcusAds:53 - JSON generation date=Thu Sep 30 12:25:09 IST 2021 (1632984909247)
2024-03-30 21:41:35,200 [FATAL] Updater:308 - Updater called before beeing initialized
2024-03-30 21:41:35,287 [WARN] DetailPanel:346 - Failed to get advertising image, set to default
2024-03-30 21:41:35,463 [FATAL] Updater:308 - Updater called before beeing initialized
2024-03-30 21:41:35,465 [FATAL] Updater:308 - Updater called before beeing initialized
2024-03-30 21:41:35,465 [FATAL] Updater:308 - Updater called before beeing initialized
2024-03-30 21:41:35,466 [WARN] DetailPanel:346 - Failed to get advertising image, set to default
2024-03-30 21:41:35,467 [FATAL] Updater:308 - Updater called before beeing initialized
2024-03-30 21:41:35,584 [ERROR] Updater:1120 - MainUpdater not yet initialized. External WinMGr cannot be set.
2024-03-30 21:41:35,590 [INFO] Updater:1056 - Updater Version found : 6.11.0
2024-03-30 21:41:35,627 [INFO] ApplicationProperties:184 - Using Application install path: C:\ST\STM32CubeIDE_1.15.0\STM32CubeIDE\plugins\com.st.stm32cube.common.mx_6.11.0.202403141607
2024-03-30 21:41:35,898 [INFO] ThirdPartyUpdaterWithRetryManager:70 - Updater plugin not ready yet. [2/15]
2024-03-30 21:41:36,609 [INFO] MainUpdater:2873 - connection check result : 10
2024-03-30 21:41:36,611 [INFO] MainUpdater:290 - Updater Check For Update Now.
2024-03-30 21:41:36,611 [INFO] MicroXplorer:498 - Change Database Version : DB.6.0.110
2024-03-30 21:41:36,621 [INFO] McuFinderGlobals:63 - Set McuFinder mode to 2 (CubeIDE integrated)
2024-03-30 21:41:36,622 [INFO] UserAuth:179 - activating auth plugin
2024-03-30 21:41:36,626 [INFO] UserAuth:415 - Internet connection configuration mode: 1
2024-03-30 21:41:36,653 [INFO] JxBrowserEngine:152 - Initiate JxBrowser Engine with user profile folder
2024-03-30 21:41:36,950 [INFO] CheckServerUpdateThread:120 - End of CheckServer Thread
2024-03-30 21:41:38,191 [INFO] WebApp:161 - Instantiating new browser for Auth
2024-03-30 21:41:39,565 [WARN] PackLoader:240 - Cannot read IP mode file for STMicroelectronics.X-CUBE-SMBUS.2.1.0
2024-03-30 21:41:39,581 [WARN] PackLoader:240 - Cannot read IP mode file for STMicroelectronics.X-CUBE-TOUCHGFX.4.23.1
2024-03-30 21:41:39,694 [WARN] PackLoader:240 - Cannot read IP mode file for STMicroelectronics.X-CUBE-AZRTOS-F7.1.1.0
2024-03-30 21:41:39,719 [WARN] PackLoader:240 - Cannot read IP mode file for STMicroelectronics.FP-SNS-FLIGHT1.5.0.2
2024-03-30 21:41:39,744 [WARN] PackLoader:240 - Cannot read IP mode file for STMicroelectronics.X-CUBE-DISPLAY.3.0.0
2024-03-30 21:41:39,795 [WARN] PackLoader:240 - Cannot read IP mode file for STMicroelectronics.X-CUBE-BLE1.7.0.0
2024-03-30 21:41:39,812 [WARN] PackLoader:240 - Cannot read IP mode file for emotas.I-CUBE-CANOPEN.1.3.0
2024-03-30 21:41:39,850 [WARN] PackLoader:240 - Cannot read IP mode file for STMicroelectronics.X-CUBE-BLEMGR.3.1.0
2024-03-30 21:41:39,872 [WARN] PackLoader:240 - Cannot read IP mode file for STMicroelectronics.FP-SNS-SMARTAG2.1.2.0
2024-03-30 21:41:39,941 [INFO] LogOutputStream:77 - [STDOUT_REDIRECT] 1 : Invalid condition id : UX_CORESTACK_Condition cause : null
2024-03-30 21:41:39,943 [INFO] LogOutputStream:77 - [STDOUT_REDIRECT] 1 : Invalid condition id : UX_CORESTACK_Condition cause : null
2024-03-30 21:41:39,946 [INFO] LogOutputStream:77 - [STDOUT_REDIRECT] 1 : Invalid condition id : UX_CORESTACK_Condition cause : null
2024-03-30 21:41:39,950 [INFO] LogOutputStream:77 - [STDOUT_REDIRECT] 1 : Invalid condition id : UX_CORESTACK_Condition cause : null
2024-03-30 21:41:39,953 [INFO] LogOutputStream:77 - [STDOUT_REDIRECT] 1 : Invalid condition id : UX_CORESTACK_Condition cause : null
2024-03-30 21:41:39,966 [WARN] PackLoader:240 - Cannot read IP mode file for STMicroelectronics.X-CUBE-AZRTOS-WL.2.0.0
2024-03-30 21:41:39,979 [WARN] PackLoader:240 - Cannot read IP mode file for STMicroelectronics.FP-SNS-MOTENV1.5.0.0
2024-03-30 21:41:40,002 [WARN] PackLoader:240 - Cannot read IP mode file for WES.I-CUBE-Cesium.1.3.0
2024-03-30 21:41:40,015 [WARN] PackLoader:240 - Cannot read IP mode file for STMicroelectronics.X-CUBE-BLE2.3.3.0
2024-03-30 21:41:40,053 [WARN] PackLoader:240 - Cannot read IP mode file for STMicroelectronics.X-CUBE-ALGOBUILD.1.3.0
2024-03-30 21:41:40,130 [WARN] PackLoader:240 - Cannot read IP mode file for STMicroelectronics.X-CUBE-AZRTOS-G0.1.1.0
2024-03-30 21:41:40,286 [WARN] PackLoader:240 - Cannot read IP mode file for STMicroelectronics.X-CUBE-SAFEA1.1.2.2
2024-03-30 21:41:40,331 [WARN] PackLoader:240 - Cannot read IP mode file for STMicroelectronics.X-CUBE-NFC4.3.0.0
2024-03-30 21:41:40,343 [WARN] PackLoader:240 - Cannot read IP mode file for wolfSSL.I-CUBE-wolfSSL.5.7.0
2024-03-30 21:41:40,350 [WARN] PackLoader:240 - Cannot read IP mode file for STMicroelectronics.FP-ATR-SIGFOX1.3.2.0
2024-03-30 21:41:40,364 [WARN] PackLoader:240 - Cannot read IP mode file for STMicroelectronics.X-CUBE-EEPRMA1.5.1.0
2024-03-30 21:41:40,383 [WARN] PackLoader:240 - Cannot read IP mode file for ITTIA_DB.I-CUBE-ITTIADB.8.9.0
2024-03-30 21:41:40,504 [WARN] PackLoader:240 - Cannot read IP mode file for SEGGER.I-CUBE-embOS.1.3.1
2024-03-30 21:41:40,657 [WARN] PackLoader:240 - Cannot read IP mode file for STMicroelectronics.X-CUBE-GNSS1.6.0.0
2024-03-30 21:41:40,703 [WARN] PackLoader:240 - Cannot read IP mode file for STMicroelectronics.X-CUBE-AZRTOS-F4.1.1.0
2024-03-30 21:41:40,774 [WARN] PackLoader:240 - Cannot read IP mode file for STMicroelectronics.X-CUBE-AZRTOS-L5.2.0.0
2024-03-30 21:41:40,798 [WARN] PackLoader:240 - Cannot read IP mode file for STMicroelectronics.X-CUBE-NFC6.3.1.0
2024-03-30 21:41:40,811 [WARN] PackLoader:240 - Cannot read IP mode file for STMicroelectronics.X-CUBE-NFC7.1.0.1
2024-03-30 21:41:40,820 [WARN] PackLoader:240 - Cannot read IP mode file for STMicroelectronics.X-CUBE-AI.8.1.0
2024-03-30 21:41:40,880 [WARN] ConditionMgr:438 - getConditionDescription Invalid condition id : LAN8742 Phy interface Condition cause : null
2024-03-30 21:41:40,882 [WARN] PackLoader:240 - Cannot read IP mode file for STMicroelectronics.X-CUBE-AZRTOS-L4.2.0.0
2024-03-30 21:41:40,884 [WARN] ConditionMgr:1039 - genDependencies : Invalid condition id : LAN8742 Phy interface Condition cause : null
2024-03-30 21:41:40,885 [WARN] ConditionMgr:1039 - genDependencies : Invalid condition id : LAN8742 Phy interface Condition cause : null
2024-03-30 21:41:40,886 [WARN] ConditionMgr:1039 - genDependencies : Invalid condition id : LAN8742 Phy interface Condition cause : null
2024-03-30 21:41:40,900 [WARN] PackLoader:240 - Cannot read IP mode file for STMicroelectronics.X-CUBE-SFXS2LP1.4.0.0
2024-03-30 21:41:40,951 [WARN] ConditionMgr:438 - getConditionDescription Invalid condition id : UX DEVICE CLASS RTOS Condition cause : null
2024-03-30 21:41:40,951 [WARN] ConditionMgr:438 - getConditionDescription Invalid condition id : UX DEVICE CLASS RTOS Condition cause : null
2024-03-30 21:41:41,035 [WARN] PackLoader:240 - Cannot read IP mode file for STMicroelectronics.X-CUBE-AZRTOS-WB.2.0.0
2024-03-30 21:41:41,039 [WARN] ConditionMgr:1039 - genDependencies : Invalid condition id : UX DEVICE CLASS RTOS Condition cause : null
2024-03-30 21:41:41,166 [WARN] ConditionMgr:1039 - genDependencies : Invalid condition id : UX DEVICE CLASS RTOS Condition cause : null
2024-03-30 21:41:41,190 [INFO] WebApp:779 - Register for checkConnection events
2024-03-30 21:41:41,191 [INFO] WebApp:414 - Apply proxy settings
2024-03-30 21:41:41,192 [INFO] WebApp:499 - Chromium requires no authentication
2024-03-30 21:41:41,214 [INFO] WebApp:442 - Direct internet connection detected
2024-03-30 21:41:41,246 [WARN] ConditionMgr:1039 - genDependencies : Invalid condition id : UX DEVICE CLASS RTOS Condition cause : null
2024-03-30 21:41:41,249 [WARN] ConditionMgr:1039 - genDependencies : Invalid condition id : UX DEVICE CLASS RTOS Condition cause : null
2024-03-30 21:41:41,249 [WARN] ConditionMgr:1039 - genDependencies : Invalid condition id : UX DEVICE CLASS RTOS Condition cause : null
2024-03-30 21:41:41,292 [WARN] PackLoader:240 - Cannot read IP mode file for STMicroelectronics.X-CUBE-SUBG2.5.0.0
2024-03-30 21:41:41,377 [WARN] PackLoader:240 - Cannot read IP mode file for STMicroelectronics.X-CUBE-AZRTOS-G4.2.0.0
2024-03-30 21:41:41,434 [WARN] PackLoader:240 - Cannot read IP mode file for Infineon.AIROC-Wi-Fi-Bluetooth-STM32.1.5.1
2024-03-30 21:41:41,466 [WARN] PackLoader:240 - Cannot read IP mode file for STMicroelectronics.FP-SNS-MOTENVWB1.1.3.1
2024-03-30 21:41:41,474 [WARN] PackLoader:240 - Cannot read IP mode file for STMicroelectronics.X-CUBE-ISPU.2.0.0
2024-03-30 21:41:41,566 [WARN] PackLoader:240 - Cannot read IP mode file for STMicroelectronics.X-CUBE-MEMS1.10.0.0
2024-03-30 21:41:42,010 [INFO] WebApp:192 - Starting web application
2024-03-30 21:41:42,010 [INFO] WebApp:544 - Web application path used C:\ST\STM32CubeIDE_1.15.0\STM32CubeIDE\plugins\com.st.stm32cube.common.mx_6.11.0.202403141607\db\plugins\mcufinder\reactClient1\index.html
2024-03-30 21:41:42,017 [WARN] PackLoader:240 - Cannot read IP mode file for STMicroelectronics.X-CUBE-FREERTOS.1.1.0
2024-03-30 21:41:42,031 [WARN] PackLoader:240 - Cannot read IP mode file for portGmbH.I-Cube-SoM-uGOAL.1.1.0
2024-03-30 21:41:42,038 [WARN] PackLoader:240 - Cannot read IP mode file for STMicroelectronics.X-CUBE-ALS.1.0.1
2024-03-30 21:41:42,047 [WARN] PackLoader:240 - Cannot read IP mode file for STMicroelectronics.FP-ATR-ASTRA1.2.0.0
2024-03-30 21:41:42,068 [WARN] PackLoader:240 - Cannot read IP mode file for STMicroelectronics.X-CUBE-TOF1.3.4.1
2024-03-30 21:41:42,146 [WARN] PackLoader:240 - Cannot read IP mode file for STMicroelectronics.X-CUBE-AZRTOS-H7.3.2.0
2024-03-30 21:41:42,153 [INFO] ThirdParty:978 - Integrity check success = true
2024-03-30 21:41:42,153 [INFO] IntegrityCheckThread:100 - exiting critical section [integrity check]
2024-03-30 21:41:42,153 [INFO] IntegrityCheckThread:103 - End integrity checks thread
2024-03-30 21:47:40,175 [ERROR] LogOutputStream:75 - [STDERR_REDIRECT] 
