2024-04-27 22:33:51,246 [INFO] Activator:176 - 


2024-04-27 22:33:51,262 [INFO] Activator:177 - !SESSION log4j initialized
2024-04-27 22:34:04,884 [INFO] LogOutputStream:77 - [STDOUT_REDIRECT] 
2024-04-27 22:34:12,365 [INFO] ApplicationProperties:184 - Using Application install path: C:\ST\STM32CubeIDE_1.15.0\STM32CubeIDE\plugins\com.st.stm32cube.common.mx_6.11.0.202403141607
2024-04-27 22:34:12,408 [INFO] DbMcusXml:78 - Set database path to: C:\ST\STM32CubeIDE_1.15.0\STM32CubeIDE\plugins\com.st.stm32cube.common.mx_6.11.0.202403141607\\db\/mcu/
2024-04-27 22:34:12,408 [INFO] ApiDb:274 - Set plugin database path to: C:\ST\STM32CubeIDE_1.15.0\STM32CubeIDE\plugins\com.st.stm32cube.common.mx_6.11.0.202403141607\\db\/plugins/boardmanager/
2024-04-27 22:34:12,410 [WARN] ApiDb:259 - Overriding images path with different value:  => C:\ST\STM32CubeIDE_1.15.0\STM32CubeIDE\plugins\com.st.stm32cube.common.mx_6.11.0.202403141607\\db\/plugins/mcufinder/images/
2024-04-27 22:34:12,430 [INFO] ApiDb:250 - Set database path to: C:\Users\HP\.stmcufinder\plugins\mcufinder//mcu/
2024-04-27 22:34:12,433 [INFO] DbMcusAds:125 - Set database path to: C:\Users\HP\.stmcufinder\plugins\mcufinder//mcu/
2024-04-27 22:34:12,441 [INFO] CrossReferenceDbSqlite:203 - Set database path to: C:\Users\HP\.stmcufinder\plugins\mcufinder//mcu/cs/
2024-04-27 22:34:12,766 [INFO] RulesReader:64 - Compatibility file has been processed (297 Rules)
2024-04-27 22:34:12,986 [INFO] DbMcusXml:78 - Set database path to: C:\ST\STM32CubeIDE_1.15.0\STM32CubeIDE\plugins\com.st.stm32cube.common.mx_6.11.0.202403141607\\db\/mcu/
2024-04-27 22:34:12,986 [INFO] ApiDb:274 - Set plugin database path to: C:\ST\STM32CubeIDE_1.15.0\STM32CubeIDE\plugins\com.st.stm32cube.common.mx_6.11.0.202403141607\\db\/plugins/boardmanager/
2024-04-27 22:34:12,987 [INFO] ApiDb:261 - Set plugin images path to: C:\ST\STM32CubeIDE_1.15.0\STM32CubeIDE\plugins\com.st.stm32cube.common.mx_6.11.0.202403141607\\db\/plugins/mcufinder/images/
2024-04-27 22:34:12,988 [WARN] DbFile:41 - Overriding database path with different value: C:\Users\HP\.stmcufinder\plugins\mcufinder/ => C:\Users\HP\.stmcufinder\plugins\mcufinder
2024-04-27 22:34:12,988 [INFO] ApiDb:250 - Set database path to: C:\Users\HP\.stmcufinder\plugins\mcufinder//mcu/
2024-04-27 22:34:12,988 [WARN] DbFile:41 - Overriding database path with different value: C:\Users\HP\.stmcufinder\plugins\mcufinder/ => C:\Users\HP\.stmcufinder\plugins\mcufinder
2024-04-27 22:34:12,989 [INFO] DbMcusAds:125 - Set database path to: C:\Users\HP\.stmcufinder\plugins\mcufinder//mcu/
2024-04-27 22:34:12,989 [WARN] DbFile:41 - Overriding database path with different value: C:\Users\HP\.stmcufinder\plugins\mcufinder/ => C:\Users\HP\.stmcufinder\plugins\mcufinder
2024-04-27 22:34:12,990 [WARN] DbFile:41 - Overriding database path with different value: C:\Users\HP\.stmcufinder\plugins\mcufinder/ => C:\Users\HP\.stmcufinder\plugins\mcufinder
2024-04-27 22:34:12,990 [INFO] CrossReferenceDbSqlite:203 - Set database path to: C:\Users\HP\.stmcufinder\plugins\mcufinder//mcu/cs/
2024-04-27 22:34:13,196 [INFO] MainPanel:264 - HeapMemory: 268435456
2024-04-27 22:34:13,405 [INFO] DbMcusXml:78 - Set database path to: C:\ST\STM32CubeIDE_1.15.0\STM32CubeIDE\plugins\com.st.stm32cube.common.mx_6.11.0.202403141607\\db\/mcu/
2024-04-27 22:34:13,405 [INFO] ApiDb:274 - Set plugin database path to: C:\ST\STM32CubeIDE_1.15.0\STM32CubeIDE\plugins\com.st.stm32cube.common.mx_6.11.0.202403141607\\db\/plugins/boardmanager/
2024-04-27 22:34:13,406 [INFO] ApiDb:261 - Set plugin images path to: C:\ST\STM32CubeIDE_1.15.0\STM32CubeIDE\plugins\com.st.stm32cube.common.mx_6.11.0.202403141607\\db\/plugins/mcufinder/images/
2024-04-27 22:34:13,406 [WARN] DbFile:41 - Overriding database path with different value: C:\Users\HP\.stmcufinder\plugins\mcufinder/ => C:\Users\HP\.stmcufinder\plugins\mcufinder
2024-04-27 22:34:13,407 [INFO] ApiDb:250 - Set database path to: C:\Users\HP\.stmcufinder\plugins\mcufinder//mcu/
2024-04-27 22:34:13,407 [WARN] DbFile:41 - Overriding database path with different value: C:\Users\HP\.stmcufinder\plugins\mcufinder/ => C:\Users\HP\.stmcufinder\plugins\mcufinder
2024-04-27 22:34:13,407 [INFO] DbMcusAds:125 - Set database path to: C:\Users\HP\.stmcufinder\plugins\mcufinder//mcu/
2024-04-27 22:34:13,408 [WARN] DbFile:41 - Overriding database path with different value: C:\Users\HP\.stmcufinder\plugins\mcufinder/ => C:\Users\HP\.stmcufinder\plugins\mcufinder
2024-04-27 22:34:13,408 [WARN] DbFile:41 - Overriding database path with different value: C:\Users\HP\.stmcufinder\plugins\mcufinder/ => C:\Users\HP\.stmcufinder\plugins\mcufinder
2024-04-27 22:34:13,408 [INFO] CrossReferenceDbSqlite:203 - Set database path to: C:\Users\HP\.stmcufinder\plugins\mcufinder//mcu/cs/
2024-04-27 22:34:13,453 [INFO] ApplicationProperties:184 - Using Application install path: C:\ST\STM32CubeIDE_1.15.0\STM32CubeIDE\plugins\com.st.stm32cube.common.mx_6.11.0.202403141607
2024-04-27 22:34:13,458 [INFO] PluginManage:196 - Search for loadable plugins [exclusion list=, ]
2024-04-27 22:34:13,461 [INFO] PluginManage:310 - Check plugin analytics
2024-04-27 22:34:18,445 [INFO] AnalyticsPlugin:253 - Accepted Software Licenses: 
2024-04-27 22:34:18,446 [INFO] AnalyticsPlugin:255 - Accepted CMSIS Pack Licenses: 
2024-04-27 22:34:18,446 [INFO] AnalyticsPlugin:257 - Accepted Firmware Licenses: 
2024-04-27 22:34:18,452 [INFO] PluginManage:359 - Loaded plugin analytics (category:tool,tabindex:-1)
2024-04-27 22:34:18,454 [INFO] PluginManage:310 - Check plugin cadmodel
2024-04-27 22:34:18,511 [INFO] CADModel:105 - Init CAD model plugin
2024-04-27 22:34:18,512 [INFO] PluginManage:359 - Loaded plugin cadmodel (category:power,tabindex:5)
2024-04-27 22:34:18,513 [INFO] PluginManage:310 - Check plugin clock
2024-04-27 22:34:18,624 [INFO] PluginManage:359 - Loaded plugin clock (category:base,tabindex:2)
2024-04-27 22:34:18,625 [INFO] PluginManage:310 - Check plugin ddr
2024-04-27 22:34:18,630 [INFO] PluginManage:359 - Loaded plugin ddr (category:tool,tabindex:6)
2024-04-27 22:34:18,631 [INFO] PluginManage:310 - Check plugin filemanager
2024-04-27 22:34:18,952 [INFO] PluginManage:359 - Loaded plugin filemanager (category:base,tabindex:10)
2024-04-27 22:34:18,952 [INFO] PluginManage:310 - Check plugin ipmanager
2024-04-27 22:34:18,971 [INFO] PluginManage:359 - Loaded plugin ipmanager (category:base,tabindex:5)
2024-04-27 22:34:18,971 [INFO] PluginManage:310 - Check plugin lpbam
2024-04-27 22:34:19,003 [INFO] PluginManage:359 - Loaded plugin lpbam (category:base,tabindex:0)
2024-04-27 22:34:19,003 [INFO] PluginManage:310 - Check plugin memorymap
2024-04-27 22:34:19,052 [INFO] PluginManage:359 - Loaded plugin memorymap (category:base,tabindex:4)
2024-04-27 22:34:19,052 [INFO] PluginManage:310 - Check plugin pinoutandconfiguration
2024-04-27 22:34:19,089 [INFO] PluginManage:359 - Loaded plugin pinoutandconfiguration (category:base,tabindex:1)
2024-04-27 22:34:19,090 [INFO] PluginManage:310 - Check plugin pinoutconfig
2024-04-27 22:34:19,300 [WARN] SupportedApi:132 - Cannot load RTOS API schema: s4s-elt-must-match.1: The content of 'definitions' must match (annotation?, (simpleType | complexType)?, (unique | key | keyref)*)). A problem was found starting at: attribute.
2024-04-27 22:34:19,625 [INFO] PluginManage:359 - Loaded plugin pinoutconfig (category:base,tabindex:0)
2024-04-27 22:34:19,625 [INFO] PluginManage:310 - Check plugin power
2024-04-27 22:34:19,696 [INFO] PluginManage:359 - Loaded plugin power (category:power,tabindex:4)
2024-04-27 22:34:19,697 [INFO] PluginManage:310 - Check plugin projectmanager
2024-04-27 22:34:19,748 [INFO] PluginManage:359 - Loaded plugin projectmanager (category:projectmanager,tabindex:3)
2024-04-27 22:34:19,749 [INFO] PluginManage:310 - Check plugin thirdparty
2024-04-27 22:34:20,333 [INFO] PluginManage:359 - Loaded plugin thirdparty (category:base,tabindex:-1)
2024-04-27 22:34:20,333 [INFO] PluginManage:310 - Check plugin tools
2024-04-27 22:34:20,333 [WARN] IntegrityCheckThread:84 - waiting for thirdparty lock release [integrity check]
2024-04-27 22:34:20,334 [INFO] IntegrityCheckThread:86 - entering critical section [integrity check]
2024-04-27 22:34:20,335 [INFO] ThirdPartyUpdaterWithRetryManager:70 - Updater plugin not ready yet. [1/15]
2024-04-27 22:34:20,394 [INFO] PluginManage:359 - Loaded plugin tools (category:base,tabindex:7)
2024-04-27 22:34:20,394 [INFO] PluginManage:310 - Check plugin tutovideos
2024-04-27 22:34:20,752 [INFO] PluginManage:359 - Loaded plugin tutovideos (category:base,tabindex:-1)
2024-04-27 22:34:20,753 [INFO] PluginManage:310 - Check plugin updater
2024-04-27 22:34:20,776 [INFO] PluginManage:359 - Loaded plugin updater (category:base,tabindex:12)
2024-04-27 22:34:20,776 [INFO] PluginManage:310 - Check plugin userauth
2024-04-27 22:34:20,788 [INFO] UserAuth:114 - Init User Auth plugin
2024-04-27 22:34:20,788 [INFO] PluginManage:359 - Loaded plugin userauth (category:base,tabindex:14)
2024-04-27 22:34:20,789 [INFO] PluginManage:283 - PluginManage : Loaded plugins [17]
2024-04-27 22:34:21,349 [INFO] PinOutPanel:1561 - setPackage(No Configuration,No Configuration)
2024-04-27 22:34:21,548 [INFO] CADModel:165 - CPN selected for project level
2024-04-27 22:34:21,549 [INFO] CADModel:114 - Register for checkConnection events
2024-04-27 22:34:21,605 [INFO] IPUIPlugin:80 - create IPUIPlugin
2024-04-27 22:34:21,606 [INFO] PluginManager:220 - loadIPPluginJar : add adc
2024-04-27 22:34:21,688 [INFO] IPUIPlugin:80 - create IPUIPlugin
2024-04-27 22:34:21,688 [INFO] PluginManager:220 - loadIPPluginJar : add aes
2024-04-27 22:34:21,785 [INFO] IPUIPlugin:80 - create IPUIPlugin
2024-04-27 22:34:21,786 [INFO] PluginManager:220 - loadIPPluginJar : add can
2024-04-27 22:34:21,837 [INFO] IPUIPlugin:80 - create IPUIPlugin
2024-04-27 22:34:21,837 [INFO] PluginManager:220 - loadIPPluginJar : add comp
2024-04-27 22:34:21,899 [INFO] IPUIPlugin:80 - create IPUIPlugin
2024-04-27 22:34:21,899 [INFO] PluginManager:220 - loadIPPluginJar : add cryp
2024-04-27 22:34:21,947 [INFO] IPUIPlugin:80 - create IPUIPlugin
2024-04-27 22:34:21,947 [INFO] PluginManager:220 - loadIPPluginJar : add dfsdm
2024-04-27 22:34:21,968 [INFO] IPUIPlugin:80 - create IPUIPlugin
2024-04-27 22:34:21,969 [INFO] PluginManager:220 - loadIPPluginJar : add dma
2024-04-27 22:34:22,042 [INFO] IPUIPlugin:80 - create IPUIPlugin
2024-04-27 22:34:22,042 [INFO] PluginManager:220 - loadIPPluginJar : add dma3
2024-04-27 22:34:22,138 [INFO] IPUIPlugin:80 - create IPUIPlugin
2024-04-27 22:34:22,138 [INFO] PluginManager:220 - loadIPPluginJar : add extmemmanager
2024-04-27 22:34:22,174 [INFO] IPUIPlugin:80 - create IPUIPlugin
2024-04-27 22:34:22,175 [INFO] PluginManager:220 - loadIPPluginJar : add fatfs
2024-04-27 22:34:22,249 [INFO] IPUIPlugin:80 - create IPUIPlugin
2024-04-27 22:34:22,249 [INFO] PluginManager:220 - loadIPPluginJar : add fmc
2024-04-27 22:34:22,272 [INFO] IPUIPlugin:80 - create IPUIPlugin
2024-04-27 22:34:22,272 [INFO] PluginManager:220 - loadIPPluginJar : add freertos
2024-04-27 22:34:22,303 [INFO] IPUIPlugin:80 - create IPUIPlugin
2024-04-27 22:34:22,303 [INFO] PluginManager:220 - loadIPPluginJar : add genericplugin
2024-04-27 22:34:22,506 [INFO] IPUIPlugin:80 - create IPUIPlugin
2024-04-27 22:34:22,506 [INFO] PluginManager:220 - loadIPPluginJar : add gfxmmu
2024-04-27 22:34:22,799 [INFO] IPUIPlugin:80 - create IPUIPlugin
2024-04-27 22:34:22,799 [INFO] PluginManager:220 - loadIPPluginJar : add gic
2024-04-27 22:34:22,824 [INFO] IPUIPlugin:80 - create IPUIPlugin
2024-04-27 22:34:22,824 [INFO] PluginManager:220 - loadIPPluginJar : add gpio
2024-04-27 22:34:22,979 [INFO] IPUIPlugin:80 - create IPUIPlugin
2024-04-27 22:34:22,980 [INFO] PluginManager:220 - loadIPPluginJar : add gtzc
2024-04-27 22:34:23,069 [INFO] IPUIPlugin:80 - create IPUIPlugin
2024-04-27 22:34:23,069 [INFO] PluginManager:220 - loadIPPluginJar : add hash
2024-04-27 22:34:23,162 [INFO] IPUIPlugin:80 - create IPUIPlugin
2024-04-27 22:34:23,162 [INFO] PluginManager:220 - loadIPPluginJar : add i2c
2024-04-27 22:34:23,225 [INFO] IPUIPlugin:80 - create IPUIPlugin
2024-04-27 22:34:23,225 [INFO] PluginManager:220 - loadIPPluginJar : add i2s
2024-04-27 22:34:23,291 [INFO] IPUIPlugin:80 - create IPUIPlugin
2024-04-27 22:34:23,291 [INFO] PluginManager:220 - loadIPPluginJar : add i3c
2024-04-27 22:34:23,336 [INFO] ThirdPartyUpdaterWithRetryManager:70 - Updater plugin not ready yet. [2/15]
2024-04-27 22:34:23,493 [INFO] IPUIPlugin:80 - create IPUIPlugin
2024-04-27 22:34:23,494 [INFO] PluginManager:220 - loadIPPluginJar : add ipddr
2024-04-27 22:34:23,671 [INFO] IPUIPlugin:80 - create IPUIPlugin
2024-04-27 22:34:23,671 [INFO] PluginManager:220 - loadIPPluginJar : add linkedlist
2024-04-27 22:34:23,790 [INFO] IPUIPlugin:80 - create IPUIPlugin
2024-04-27 22:34:23,791 [INFO] PluginManager:220 - loadIPPluginJar : add lorawan
2024-04-27 22:34:23,868 [INFO] IPUIPlugin:80 - create IPUIPlugin
2024-04-27 22:34:23,868 [INFO] PluginManager:220 - loadIPPluginJar : add ltdc
2024-04-27 22:34:23,891 [INFO] IPUIPlugin:80 - create IPUIPlugin
2024-04-27 22:34:23,892 [INFO] PluginManager:220 - loadIPPluginJar : add mdma
2024-04-27 22:34:23,919 [INFO] IPUIPlugin:80 - create IPUIPlugin
2024-04-27 22:34:23,920 [INFO] PluginManager:220 - loadIPPluginJar : add nvic
2024-04-27 22:34:24,062 [INFO] IPUIPlugin:80 - create IPUIPlugin
2024-04-27 22:34:24,063 [INFO] PluginManager:220 - loadIPPluginJar : add opamp
2024-04-27 22:34:24,256 [INFO] IPUIPlugin:80 - create IPUIPlugin
2024-04-27 22:34:24,257 [INFO] PluginManager:220 - loadIPPluginJar : add openamp
2024-04-27 22:34:24,381 [INFO] IPUIPlugin:80 - create IPUIPlugin
2024-04-27 22:34:24,381 [INFO] PluginManager:220 - loadIPPluginJar : add pdm2pcm
2024-04-27 22:34:24,424 [INFO] IPUIPlugin:80 - create IPUIPlugin
2024-04-27 22:34:24,430 [INFO] PluginManager:220 - loadIPPluginJar : add plateformsettings
2024-04-27 22:34:24,488 [INFO] IPUIPlugin:80 - create IPUIPlugin
2024-04-27 22:34:24,488 [INFO] PluginManager:220 - loadIPPluginJar : add quadspi
2024-04-27 22:34:24,526 [INFO] IPUIPlugin:80 - create IPUIPlugin
2024-04-27 22:34:24,526 [INFO] PluginManager:220 - loadIPPluginJar : add resmgrutility
2024-04-27 22:34:24,778 [INFO] IPUIPlugin:80 - create IPUIPlugin
2024-04-27 22:34:24,778 [INFO] PluginManager:220 - loadIPPluginJar : add sai
2024-04-27 22:34:25,006 [INFO] IPUIPlugin:80 - create IPUIPlugin
2024-04-27 22:34:25,007 [INFO] PluginManager:220 - loadIPPluginJar : add spi
2024-04-27 22:34:25,243 [INFO] IPUIPlugin:80 - create IPUIPlugin
2024-04-27 22:34:25,244 [INFO] PluginManager:220 - loadIPPluginJar : add stm32_wpan
2024-04-27 22:34:25,366 [INFO] IPUIPlugin:80 - create IPUIPlugin
2024-04-27 22:34:25,366 [INFO] PluginManager:220 - loadIPPluginJar : add tim
2024-04-27 22:34:25,590 [INFO] IPUIPlugin:80 - create IPUIPlugin
2024-04-27 22:34:25,591 [INFO] PluginManager:220 - loadIPPluginJar : add touchsensing
2024-04-27 22:34:25,656 [INFO] IPUIPlugin:80 - create IPUIPlugin
2024-04-27 22:34:25,656 [INFO] PluginManager:220 - loadIPPluginJar : add tracer_emb
2024-04-27 22:34:25,715 [INFO] IPUIPlugin:80 - create IPUIPlugin
2024-04-27 22:34:25,715 [INFO] PluginManager:220 - loadIPPluginJar : add ts
2024-04-27 22:34:25,765 [INFO] IPUIPlugin:80 - create IPUIPlugin
2024-04-27 22:34:25,765 [INFO] PluginManager:220 - loadIPPluginJar : add tsc
2024-04-27 22:34:25,817 [INFO] IPUIPlugin:80 - create IPUIPlugin
2024-04-27 22:34:25,818 [INFO] PluginManager:220 - loadIPPluginJar : add ucpd
2024-04-27 22:34:25,942 [INFO] IPUIPlugin:80 - create IPUIPlugin
2024-04-27 22:34:25,943 [INFO] PluginManager:220 - loadIPPluginJar : add usart
2024-04-27 22:34:26,072 [INFO] IPUIPlugin:80 - create IPUIPlugin
2024-04-27 22:34:26,072 [INFO] PluginManager:220 - loadIPPluginJar : add usbx
2024-04-27 22:34:26,326 [INFO] CADModel:165 - CPN selected for project level
2024-04-27 22:34:26,326 [INFO] CADModel:114 - Register for checkConnection events
2024-04-27 22:34:26,327 [FATAL] Updater:308 - Updater called before beeing initialized
2024-04-27 22:34:26,328 [ERROR] CADModel:125 - Updater not yet initialized, retry later 
2024-04-27 22:34:26,337 [INFO] ThirdPartyUpdaterWithRetryManager:70 - Updater plugin not ready yet. [3/15]
2024-04-27 22:34:26,750 [INFO] CADModel:165 - CPN selected for project level
2024-04-27 22:34:26,750 [INFO] CADModel:114 - Register for checkConnection events
2024-04-27 22:34:26,750 [FATAL] Updater:308 - Updater called before beeing initialized
2024-04-27 22:34:26,751 [ERROR] CADModel:125 - Updater not yet initialized, retry later 
2024-04-27 22:34:26,759 [FATAL] Updater:308 - Updater called before beeing initialized
2024-04-27 22:34:27,322 [FATAL] Updater:308 - Updater called before beeing initialized
2024-04-27 22:34:27,348 [INFO] DbMcusAds:53 - JSON generation date=Wed Nov 29 16:22:27 IST 2023 (1701255147349)
2024-04-27 22:34:27,349 [FATAL] Updater:308 - Updater called before beeing initialized
2024-04-27 22:34:27,551 [WARN] DetailPanel:346 - Failed to get advertising image, set to default
2024-04-27 22:34:27,810 [FATAL] Updater:308 - Updater called before beeing initialized
2024-04-27 22:34:27,815 [FATAL] Updater:308 - Updater called before beeing initialized
2024-04-27 22:34:27,815 [FATAL] Updater:308 - Updater called before beeing initialized
2024-04-27 22:34:27,815 [WARN] DetailPanel:346 - Failed to get advertising image, set to default
2024-04-27 22:34:27,817 [FATAL] Updater:308 - Updater called before beeing initialized
2024-04-27 22:34:28,042 [ERROR] Updater:1120 - MainUpdater not yet initialized. External WinMGr cannot be set.
2024-04-27 22:34:28,067 [INFO] Updater:1056 - Updater Version found : 6.11.0
2024-04-27 22:34:28,111 [INFO] ApplicationProperties:184 - Using Application install path: C:\ST\STM32CubeIDE_1.15.0\STM32CubeIDE\plugins\com.st.stm32cube.common.mx_6.11.0.202403141607
2024-04-27 22:34:29,038 [INFO] MainUpdater:2873 - connection check result : 10
2024-04-27 22:34:29,039 [INFO] MainUpdater:3567 - Updater definition file requires update
2024-04-27 22:34:29,042 [INFO] MainUpdater:290 - Updater Check For Update Now.
2024-04-27 22:34:29,042 [INFO] MicroXplorer:498 - Change Database Version : DB.6.0.110
2024-04-27 22:34:29,073 [INFO] McuFinderGlobals:63 - Set McuFinder mode to 2 (CubeIDE integrated)
2024-04-27 22:34:29,074 [INFO] UserAuth:179 - activating auth plugin
2024-04-27 22:34:29,141 [INFO] UserAuth:415 - Internet connection configuration mode: 1
2024-04-27 22:34:29,187 [INFO] ServerAccessManage:473 - Download File updaters.zip
2024-04-27 22:34:29,299 [INFO] JxBrowserEngine:152 - Initiate JxBrowser Engine with user profile folder
2024-04-27 22:34:29,340 [WARN] MainUpdater:1194 - Updater busy. Cannot search thirdparties
2024-04-27 22:34:29,340 [INFO] ThirdPartyUpdaterWithRetryManager:96 - Updater plugin is busy. [1/15]
2024-04-27 22:34:29,767 [INFO] FileExtend:240 - Unzip File : updaters.zip
2024-04-27 22:34:29,767 [INFO] FileExtend:255 - Standard Zip Deflate
2024-04-27 22:34:30,483 [INFO] ServerAccessManage:473 - Download File PacksControlFlags.xml
2024-04-27 22:34:30,657 [INFO] ServerAccessManage:473 - Download File cubemx.pidx
2024-04-27 22:34:32,372 [WARN] MainUpdater:1194 - Updater busy. Cannot search thirdparties
2024-04-27 22:34:32,380 [INFO] ThirdPartyUpdaterWithRetryManager:96 - Updater plugin is busy. [2/15]
2024-04-27 22:34:32,938 [INFO] ServerAccessManage:473 - Download File STMicroelectronics.X-CUBE-FREERTOS.pdsc
2024-04-27 22:34:35,380 [WARN] MainUpdater:1194 - Updater busy. Cannot search thirdparties
2024-04-27 22:34:35,380 [INFO] ThirdPartyUpdaterWithRetryManager:96 - Updater plugin is busy. [3/15]
2024-04-27 22:34:36,578 [WARN] PackLoader:240 - Cannot read IP mode file for STMicroelectronics.X-CUBE-FREERTOS.1.2.0
2024-04-27 22:34:36,582 [INFO] PopulateThirdPartyThread:66 - Ending populate Thread
2024-04-27 22:34:36,584 [INFO] ThirdParty:1030 - CMSIS Pack Vendor :STMicroelectronics X-CUBE-FREERTOS 1.2.0
2024-04-27 22:34:36,585 [INFO] LoadServerUpdatesThread:375 - End of LoadServerUpdate Thread
2024-04-27 22:34:36,874 [INFO] CheckServerUpdateThread:120 - End of CheckServer Thread
2024-04-27 22:34:38,891 [WARN] PackLoader:240 - Cannot read IP mode file for STMicroelectronics.FP-SNS-MOTENVWB1.1.4.0
2024-04-27 22:34:38,945 [WARN] PackLoader:240 - Cannot read IP mode file for STMicroelectronics.X-CUBE-SMBUS.2.1.0
2024-04-27 22:34:38,975 [WARN] PackLoader:240 - Cannot read IP mode file for STMicroelectronics.X-CUBE-TOUCHGFX.4.23.1
2024-04-27 22:34:39,001 [WARN] PackLoader:240 - Cannot read IP mode file for STMicroelectronics.X-CUBE-TOUCHGFX.4.23.2
2024-04-27 22:34:39,093 [WARN] PackLoader:240 - Cannot read IP mode file for STMicroelectronics.X-CUBE-AZRTOS-F7.1.1.0
2024-04-27 22:34:39,120 [WARN] PackLoader:240 - Cannot read IP mode file for STMicroelectronics.FP-SNS-FLIGHT1.5.0.2
2024-04-27 22:34:39,177 [WARN] PackLoader:240 - Cannot read IP mode file for STMicroelectronics.X-CUBE-DISPLAY.3.0.0
2024-04-27 22:34:39,310 [WARN] PackLoader:240 - Cannot read IP mode file for STMicroelectronics.X-CUBE-BLE1.7.0.0
2024-04-27 22:34:39,344 [WARN] PackLoader:240 - Cannot read IP mode file for emotas.I-CUBE-CANOPEN.1.3.0
2024-04-27 22:34:39,497 [WARN] PackLoader:240 - Cannot read IP mode file for STMicroelectronics.X-CUBE-BLEMGR.3.1.0
2024-04-27 22:34:39,532 [WARN] PackLoader:240 - Cannot read IP mode file for STMicroelectronics.FP-SNS-SMARTAG2.1.2.0
2024-04-27 22:34:39,583 [INFO] LogOutputStream:77 - [STDOUT_REDIRECT] 1 : Invalid condition id : UX_CORESTACK_Condition cause : null
2024-04-27 22:34:39,584 [INFO] LogOutputStream:77 - [STDOUT_REDIRECT] 1 : Invalid condition id : UX_CORESTACK_Condition cause : null
2024-04-27 22:34:39,587 [INFO] LogOutputStream:77 - [STDOUT_REDIRECT] 1 : Invalid condition id : UX_CORESTACK_Condition cause : null
2024-04-27 22:34:39,590 [INFO] LogOutputStream:77 - [STDOUT_REDIRECT] 1 : Invalid condition id : UX_CORESTACK_Condition cause : null
2024-04-27 22:34:39,593 [INFO] LogOutputStream:77 - [STDOUT_REDIRECT] 1 : Invalid condition id : UX_CORESTACK_Condition cause : null
2024-04-27 22:34:39,604 [WARN] PackLoader:240 - Cannot read IP mode file for STMicroelectronics.X-CUBE-AZRTOS-WL.2.0.0
2024-04-27 22:34:39,636 [WARN] PackLoader:240 - Cannot read IP mode file for STMicroelectronics.FP-SNS-MOTENV1.5.0.0
2024-04-27 22:34:39,685 [WARN] PackLoader:240 - Cannot read IP mode file for WES.I-CUBE-Cesium.1.3.0
2024-04-27 22:34:39,716 [WARN] PackLoader:240 - Cannot read IP mode file for STMicroelectronics.X-CUBE-BLE2.3.3.0
2024-04-27 22:34:39,750 [WARN] PackLoader:240 - Cannot read IP mode file for STMicroelectronics.X-CUBE-TCPP.4.1.0
2024-04-27 22:34:39,817 [WARN] PackLoader:240 - Cannot read IP mode file for STMicroelectronics.X-CUBE-ALGOBUILD.1.3.0
2024-04-27 22:34:39,956 [WARN] PackLoader:240 - Cannot read IP mode file for STMicroelectronics.X-CUBE-AZRTOS-G0.1.1.0
2024-04-27 22:34:40,317 [WARN] PackLoader:240 - Cannot read IP mode file for STMicroelectronics.X-CUBE-SAFEA1.1.2.2
2024-04-27 22:34:40,367 [WARN] PackLoader:240 - Cannot read IP mode file for STMicroelectronics.X-CUBE-NFC4.3.0.0
2024-04-27 22:34:40,434 [WARN] PackLoader:240 - Cannot read IP mode file for wolfSSL.I-CUBE-wolfSSL.5.7.0
2024-04-27 22:34:40,450 [WARN] PackLoader:240 - Cannot read IP mode file for STMicroelectronics.FP-ATR-SIGFOX1.3.2.0
2024-04-27 22:34:40,491 [WARN] PackLoader:240 - Cannot read IP mode file for STMicroelectronics.X-CUBE-EEPRMA1.5.1.0
2024-04-27 22:34:40,529 [WARN] PackLoader:240 - Cannot read IP mode file for ITTIA_DB.I-CUBE-ITTIADB.8.9.0
2024-04-27 22:34:40,647 [WARN] PackLoader:240 - Cannot read IP mode file for SEGGER.I-CUBE-embOS.1.3.1
2024-04-27 22:34:40,849 [WARN] PackLoader:240 - Cannot read IP mode file for STMicroelectronics.X-CUBE-GNSS1.6.0.0
2024-04-27 22:34:40,944 [WARN] PackLoader:240 - Cannot read IP mode file for STMicroelectronics.X-CUBE-AZRTOS-F4.1.1.0
2024-04-27 22:34:40,976 [WARN] PackLoader:240 - Cannot read IP mode file for STMicroelectronics.X-CUBE-FREERTOS.1.2.0
2024-04-27 22:34:41,065 [WARN] PackLoader:240 - Cannot read IP mode file for STMicroelectronics.X-CUBE-AZRTOS-L5.2.0.0
2024-04-27 22:34:41,121 [WARN] PackLoader:240 - Cannot read IP mode file for STMicroelectronics.X-CUBE-NFC6.3.1.0
2024-04-27 22:34:41,158 [WARN] PackLoader:240 - Cannot read IP mode file for STMicroelectronics.X-CUBE-AI.9.0.0
2024-04-27 22:34:41,190 [WARN] PackLoader:240 - Cannot read IP mode file for STMicroelectronics.X-CUBE-NFC7.1.0.1
2024-04-27 22:34:41,217 [WARN] PackLoader:240 - Cannot read IP mode file for STMicroelectronics.X-CUBE-AI.8.1.0
2024-04-27 22:34:41,310 [WARN] ConditionMgr:438 - getConditionDescription Invalid condition id : LAN8742 Phy interface Condition cause : null
2024-04-27 22:34:41,312 [WARN] PackLoader:240 - Cannot read IP mode file for STMicroelectronics.X-CUBE-AZRTOS-L4.2.0.0
2024-04-27 22:34:41,316 [WARN] ConditionMgr:1039 - genDependencies : Invalid condition id : LAN8742 Phy interface Condition cause : null
2024-04-27 22:34:41,318 [WARN] ConditionMgr:1039 - genDependencies : Invalid condition id : LAN8742 Phy interface Condition cause : null
2024-04-27 22:34:41,320 [WARN] ConditionMgr:1039 - genDependencies : Invalid condition id : LAN8742 Phy interface Condition cause : null
2024-04-27 22:34:41,397 [WARN] PackLoader:240 - Cannot read IP mode file for STMicroelectronics.X-CUBE-SFXS2LP1.4.0.0
2024-04-27 22:34:41,457 [WARN] ConditionMgr:438 - getConditionDescription Invalid condition id : UX DEVICE CLASS RTOS Condition cause : null
2024-04-27 22:34:41,459 [WARN] ConditionMgr:438 - getConditionDescription Invalid condition id : UX DEVICE CLASS RTOS Condition cause : null
2024-04-27 22:34:41,465 [WARN] PackLoader:240 - Cannot read IP mode file for STMicroelectronics.X-CUBE-AZRTOS-WB.2.0.0
2024-04-27 22:34:41,466 [WARN] ConditionMgr:1039 - genDependencies : Invalid condition id : UX DEVICE CLASS RTOS Condition cause : null
2024-04-27 22:34:41,467 [WARN] ConditionMgr:1039 - genDependencies : Invalid condition id : UX DEVICE CLASS RTOS Condition cause : null
2024-04-27 22:34:41,468 [WARN] ConditionMgr:1039 - genDependencies : Invalid condition id : UX DEVICE CLASS RTOS Condition cause : null
2024-04-27 22:34:41,468 [WARN] ConditionMgr:1039 - genDependencies : Invalid condition id : UX DEVICE CLASS RTOS Condition cause : null
2024-04-27 22:34:41,469 [WARN] ConditionMgr:1039 - genDependencies : Invalid condition id : UX DEVICE CLASS RTOS Condition cause : null
2024-04-27 22:34:41,514 [WARN] PackLoader:240 - Cannot read IP mode file for STMicroelectronics.X-CUBE-SUBG2.5.0.0
2024-04-27 22:34:41,595 [WARN] PackLoader:240 - Cannot read IP mode file for STMicroelectronics.X-CUBE-AZRTOS-G4.2.0.0
2024-04-27 22:34:41,666 [WARN] PackLoader:240 - Cannot read IP mode file for Infineon.AIROC-Wi-Fi-Bluetooth-STM32.1.5.1
2024-04-27 22:34:41,707 [WARN] PackLoader:240 - Cannot read IP mode file for STMicroelectronics.FP-SNS-MOTENVWB1.1.3.1
2024-04-27 22:34:41,735 [WARN] PackLoader:240 - Cannot read IP mode file for STMicroelectronics.X-CUBE-ISPU.2.0.0
2024-04-27 22:34:42,048 [WARN] PackLoader:240 - Cannot read IP mode file for STMicroelectronics.X-CUBE-MEMS1.10.0.0
2024-04-27 22:34:42,495 [WARN] PackLoader:240 - Cannot read IP mode file for STMicroelectronics.X-CUBE-FREERTOS.1.1.0
2024-04-27 22:34:42,530 [WARN] PackLoader:240 - Cannot read IP mode file for portGmbH.I-Cube-SoM-uGOAL.1.1.0
2024-04-27 22:34:42,563 [WARN] PackLoader:240 - Cannot read IP mode file for STMicroelectronics.X-CUBE-ALS.1.0.1
2024-04-27 22:34:42,657 [WARN] PackLoader:240 - Cannot read IP mode file for STMicroelectronics.X-CUBE-AZRTOS-H7RS.1.0.0
2024-04-27 22:34:42,678 [WARN] PackLoader:240 - Cannot read IP mode file for STMicroelectronics.FP-ATR-ASTRA1.2.0.0
2024-04-27 22:34:42,732 [WARN] PackLoader:240 - Cannot read IP mode file for STMicroelectronics.X-CUBE-TOF1.3.4.1
2024-04-27 22:34:42,865 [WARN] PackLoader:240 - Cannot read IP mode file for STMicroelectronics.X-CUBE-AZRTOS-H7.3.2.0
2024-04-27 22:34:42,880 [INFO] ThirdParty:978 - Integrity check success = true
2024-04-27 22:34:42,880 [INFO] IntegrityCheckThread:100 - exiting critical section [integrity check]
2024-04-27 22:34:42,881 [INFO] IntegrityCheckThread:103 - End integrity checks thread
2024-04-27 22:34:47,687 [INFO] WebApp:161 - Instantiating new browser for Auth
2024-04-27 22:34:49,446 [INFO] WebApp:779 - Register for checkConnection events
2024-04-27 22:34:49,447 [INFO] WebApp:414 - Apply proxy settings
2024-04-27 22:34:49,447 [INFO] WebApp:499 - Chromium requires no authentication
2024-04-27 22:34:49,467 [INFO] WebApp:442 - Direct internet connection detected
2024-04-27 22:34:49,991 [INFO] WebApp:192 - Starting web application
2024-04-27 22:34:49,991 [INFO] WebApp:544 - Web application path used C:\ST\STM32CubeIDE_1.15.0\STM32CubeIDE\plugins\com.st.stm32cube.common.mx_6.11.0.202403141607\db\plugins\mcufinder\reactClient1\index.html
